#
# There is insufficient memory for the Java Runtime Environment to continue.
# Native memory allocation (malloc) failed to allocate 1308752 bytes. Error detail: Chunk::new
# Possible reasons:
#   The system is out of physical RAM or swap space
#   This process is running with CompressedOops enabled, and the Java Heap may be blocking the growth of the native heap
# Possible solutions:
#   Reduce memory load on the system
#   Increase physical memory or swap space
#   Check if swap backing store is full
#   Decrease Java heap size (-Xmx/-Xms)
#   Decrease number of Java threads
#   Decrease Java thread stack sizes (-Xss)
#   Set larger code cache with -XX:ReservedCodeCacheSize=
#   JVM is running with Unscaled Compressed Oops mode in which the Java heap is
#     placed in the first 4GB address space. The Java Heap base address is the
#     maximum limit for the native heap growth. Please use -XX:HeapBaseMinAddress
#     to set the Java Heap base and to place the Java Heap above 4GB virtual address.
# This output file may be truncated or incomplete.
#
#  Out of Memory Error (arena.cpp:149), pid=10256, tid=16176
#
# JRE version: OpenJDK Runtime Environment (23.0.2+7) (build 23.0.2+7-58)
# Java VM: OpenJDK 64-Bit Server VM (23.0.2+7-58, mixed mode, sharing, tiered, compressed oops, compressed class ptrs, g1 gc, windows-amd64)
# No core dump will be written. Minidumps are not enabled by default on client versions of Windows
#

---------------  S U M M A R Y ------------

Command Line: -javaagent:C:\Program Files\JetBrains\IntelliJ IDEA Community Edition 2024.1.5\lib\idea_rt.jar=54700:C:\Program Files\JetBrains\IntelliJ IDEA Community Edition 2024.1.5\bin -Dfile.encoding=UTF-8 -Dsun.stdout.encoding=UTF-8 -Dsun.stderr.encoding=UTF-8 vn.scrip.middle_giuakhoa.MiddleGiuakhoaApplication

Host: 12th Gen Intel(R) Core(TM) i5-1240P, 16 cores, 7G,  Windows 11 , 64 bit Build 22621 (10.0.22621.4830)
Time: Sun Mar  9 14:18:38 2025 SE Asia Standard Time elapsed time: 15.137710 seconds (0d 0h 0m 15s)

---------------  T H R E A D  ---------------

Current thread (0x000001e6e50fdf80):  JavaThread "C2 CompilerThread0" daemon [_thread_in_native, id=16176, stack(0x0000004109e00000,0x0000004109f00000) (1024K)]


Current CompileTask:
C2:15137 4549       4       org.springframework.beans.factory.support.AbstractBeanFactory::isTypeMatch (745 bytes)

Stack: [0x0000004109e00000,0x0000004109f00000]
Native frames: (J=compiled Java code, j=interpreted, Vv=VM code, C=native code)
V  [jvm.dll+0x6e0b99]  (no source info available)
V  [jvm.dll+0x87e2b3]  (no source info available)
V  [jvm.dll+0x88073e]  (no source info available)
V  [jvm.dll+0x880e13]  (no source info available)
V  [jvm.dll+0x27b006]  (no source info available)
V  [jvm.dll+0xbc06f]  (no source info available)
V  [jvm.dll+0xbc2cb]  (no source info available)
V  [jvm.dll+0x3b3c5c]  (no source info available)
V  [jvm.dll+0x38a55b]  (no source info available)
V  [jvm.dll+0x3899ca]  (no source info available)
V  [jvm.dll+0x244ba1]  (no source info available)
V  [jvm.dll+0x243eff]  (no source info available)
V  [jvm.dll+0x1c34b0]  (no source info available)
V  [jvm.dll+0x253df1]  (no source info available)
V  [jvm.dll+0x2520aa]  (no source info available)
V  [jvm.dll+0x3ee226]  (no source info available)
V  [jvm.dll+0x8254cb]  (no source info available)
V  [jvm.dll+0x6df345]  (no source info available)
C  [ucrtbase.dll+0x29333]  (no source info available)
C  [KERNEL32.DLL+0x1259d]  (no source info available)
C  [ntdll.dll+0x5af38]  (no source info available)

Lock stack of current Java thread (top to bottom):


---------------  P R O C E S S  ---------------

Threads class SMR info:
_java_thread_list=0x000001e6e5175ce0, length=28, elements={
0x000001e6e50eb7e0, 0x000001e6e50ec5a0, 0x000001e6e50ef960, 0x000001e6e50f0bd0,
0x000001e6e50f2640, 0x000001e6e50fb0b0, 0x000001e6e50fdf80, 0x000001e6e5100a40,
0x000001e6e517be90, 0x000001e6e5255080, 0x000001e6e56d7370, 0x000001e6e564d2b0,
0x000001e6e6f602d0, 0x000001e6e6f5d4e0, 0x000001e6e6f5fc40, 0x000001e6e6f5db70,
0x000001e6e6f5e200, 0x000001e6e6f60960, 0x000001e6e657ec10, 0x000001e6e6585510,
0x000001e6e6581370, 0x000001e6e657f2a0, 0x000001e6e657e580, 0x000001e6e6584e80,
0x000001e6e657f930, 0x000001e6e6582db0, 0x000001e6e6580ce0, 0x000001e6e6585ba0
}

Java Threads: ( => current thread )
  0x000001e6e50eb7e0 JavaThread "Reference Handler"          daemon [_thread_blocked, id=23164, stack(0x0000004109800000,0x0000004109900000) (1024K)]
  0x000001e6e50ec5a0 JavaThread "Finalizer"                  daemon [_thread_blocked, id=22132, stack(0x0000004109900000,0x0000004109a00000) (1024K)]
  0x000001e6e50ef960 JavaThread "Signal Dispatcher"          daemon [_thread_blocked, id=3900, stack(0x0000004109a00000,0x0000004109b00000) (1024K)]
  0x000001e6e50f0bd0 JavaThread "Attach Listener"            daemon [_thread_blocked, id=16584, stack(0x0000004109b00000,0x0000004109c00000) (1024K)]
  0x000001e6e50f2640 JavaThread "Service Thread"             daemon [_thread_blocked, id=4272, stack(0x0000004109c00000,0x0000004109d00000) (1024K)]
  0x000001e6e50fb0b0 JavaThread "Monitor Deflation Thread"   daemon [_thread_blocked, id=5396, stack(0x0000004109d00000,0x0000004109e00000) (1024K)]
=>0x000001e6e50fdf80 JavaThread "C2 CompilerThread0"         daemon [_thread_in_native, id=16176, stack(0x0000004109e00000,0x0000004109f00000) (1024K)]
  0x000001e6e5100a40 JavaThread "C1 CompilerThread0"         daemon [_thread_blocked, id=22620, stack(0x0000004109f00000,0x000000410a000000) (1024K)]
  0x000001e6e517be90 JavaThread "C1 CompilerThread1"         daemon [_thread_blocked, id=8512, stack(0x000000410a000000,0x000000410a100000) (1024K)]
  0x000001e6e5255080 JavaThread "Common-Cleaner"             daemon [_thread_blocked, id=23580, stack(0x000000410a200000,0x000000410a300000) (1024K)]
  0x000001e6e56d7370 JavaThread "Monitor Ctrl-Break"         daemon [_thread_in_native, id=15796, stack(0x000000410a600000,0x000000410a700000) (1024K)]
  0x000001e6e564d2b0 JavaThread "Notification Thread"        daemon [_thread_blocked, id=7772, stack(0x000000410a700000,0x000000410a800000) (1024K)]
  0x000001e6e6f602d0 JavaThread "Catalina-utility-1"                [_thread_blocked, id=20880, stack(0x000000410b600000,0x000000410b700000) (1024K)]
  0x000001e6e6f5d4e0 JavaThread "Catalina-utility-2"                [_thread_blocked, id=24068, stack(0x000000410b700000,0x000000410b800000) (1024K)]
  0x000001e6e6f5fc40 JavaThread "container-0"                       [_thread_blocked, id=18196, stack(0x000000410b800000,0x000000410b900000) (1024K)]
  0x000001e6e6f5db70 JavaThread "http-nio-8080-exec-1"       daemon [_thread_blocked, id=9136, stack(0x000000410b900000,0x000000410ba00000) (1024K)]
  0x000001e6e6f5e200 JavaThread "http-nio-8080-exec-2"       daemon [_thread_blocked, id=22156, stack(0x000000410ba00000,0x000000410bb00000) (1024K)]
  0x000001e6e6f60960 JavaThread "http-nio-8080-exec-3"       daemon [_thread_blocked, id=8476, stack(0x000000410bb00000,0x000000410bc00000) (1024K)]
  0x000001e6e657ec10 JavaThread "http-nio-8080-exec-4"       daemon [_thread_blocked, id=23480, stack(0x000000410bc00000,0x000000410bd00000) (1024K)]
  0x000001e6e6585510 JavaThread "http-nio-8080-exec-5"       daemon [_thread_blocked, id=23536, stack(0x000000410bd00000,0x000000410be00000) (1024K)]
  0x000001e6e6581370 JavaThread "http-nio-8080-exec-6"       daemon [_thread_blocked, id=21160, stack(0x000000410be00000,0x000000410bf00000) (1024K)]
  0x000001e6e657f2a0 JavaThread "http-nio-8080-exec-7"       daemon [_thread_blocked, id=1760, stack(0x000000410bf00000,0x000000410c000000) (1024K)]
  0x000001e6e657e580 JavaThread "http-nio-8080-exec-8"       daemon [_thread_blocked, id=4756, stack(0x000000410c000000,0x000000410c100000) (1024K)]
  0x000001e6e6584e80 JavaThread "http-nio-8080-exec-9"       daemon [_thread_blocked, id=15940, stack(0x000000410c100000,0x000000410c200000) (1024K)]
  0x000001e6e657f930 JavaThread "http-nio-8080-exec-10"      daemon [_thread_blocked, id=21388, stack(0x000000410c200000,0x000000410c300000) (1024K)]
  0x000001e6e6582db0 JavaThread "http-nio-8080-Poller"       daemon [_thread_in_native, id=5624, stack(0x000000410c300000,0x000000410c400000) (1024K)]
  0x000001e6e6580ce0 JavaThread "http-nio-8080-Acceptor"     daemon [_thread_in_native, id=22844, stack(0x000000410c400000,0x000000410c500000) (1024K)]
  0x000001e6e6585ba0 JavaThread "DestroyJavaVM"                     [_thread_blocked, id=17932, stack(0x0000004109000000,0x0000004109100000) (1024K)]
Total: 28

Other Threads:
  0x000001e6e50d4a90 VMThread "VM Thread"                           [id=16376, stack(0x0000004109700000,0x0000004109800000) (1024K)]
  0x000001e6e50c3270 WatcherThread "VM Periodic Task Thread"        [id=16148, stack(0x0000004109600000,0x0000004109700000) (1024K)]
  0x000001e6c79ba9a0 WorkerThread "GC Thread#0"                     [id=24444, stack(0x0000004109100000,0x0000004109200000) (1024K)]
  0x000001e6e5fd4ec0 WorkerThread "GC Thread#1"                     [id=10084, stack(0x000000410a800000,0x000000410a900000) (1024K)]
  0x000001e6e5fd61f0 WorkerThread "GC Thread#2"                     [id=22768, stack(0x000000410a900000,0x000000410aa00000) (1024K)]
  0x000001e6e5fe5840 WorkerThread "GC Thread#3"                     [id=20180, stack(0x000000410aa00000,0x000000410ab00000) (1024K)]
  0x000001e6e5fe5bf0 WorkerThread "GC Thread#4"                     [id=18108, stack(0x000000410ab00000,0x000000410ac00000) (1024K)]
  0x000001e6e5fe7fb0 WorkerThread "GC Thread#5"                     [id=21164, stack(0x000000410ac00000,0x000000410ad00000) (1024K)]
  0x000001e6e5fe8360 WorkerThread "GC Thread#6"                     [id=6012, stack(0x000000410ad00000,0x000000410ae00000) (1024K)]
  0x000001e6e60caed0 WorkerThread "GC Thread#7"                     [id=8852, stack(0x000000410af00000,0x000000410b000000) (1024K)]
  0x000001e6e60cb630 WorkerThread "GC Thread#8"                     [id=19412, stack(0x000000410b000000,0x000000410b100000) (1024K)]
  0x000001e6e60cb9e0 WorkerThread "GC Thread#9"                     [id=20776, stack(0x000000410b100000,0x000000410b200000) (1024K)]
  0x000001e6e60cc140 WorkerThread "GC Thread#10"                    [id=9336, stack(0x000000410b200000,0x000000410b300000) (1024K)]
  0x000001e6e64cf390 WorkerThread "GC Thread#11"                    [id=4288, stack(0x000000410b300000,0x000000410b400000) (1024K)]
  0x000001e6e64d1870 WorkerThread "GC Thread#12"                    [id=17164, stack(0x000000410b400000,0x000000410b500000) (1024K)]
  0x000001e6c79cec20 ConcurrentGCThread "G1 Main Marker"            [id=8356, stack(0x0000004109200000,0x0000004109300000) (1024K)]
  0x000001e6c79cf630 WorkerThread "G1 Conc#0"                       [id=2864, stack(0x0000004109300000,0x0000004109400000) (1024K)]
  0x000001e6e64d1c20 WorkerThread "G1 Conc#1"                       [id=8704, stack(0x000000410ae00000,0x000000410af00000) (1024K)]
  0x000001e6e64cf740 WorkerThread "G1 Conc#2"                       [id=15316, stack(0x000000410b500000,0x000000410b600000) (1024K)]
  0x000001e6e4f98880 ConcurrentGCThread "G1 Refine#0"               [id=17984, stack(0x0000004109400000,0x0000004109500000) (1024K)]
  0x000001e6e4f990b0 ConcurrentGCThread "G1 Service"                [id=19428, stack(0x0000004109500000,0x0000004109600000) (1024K)]
Total: 21

Threads with active compile tasks:
C2 CompilerThread0  15193 4549       4       org.springframework.beans.factory.support.AbstractBeanFactory::isTypeMatch (745 bytes)
Total: 1

VM state: not at safepoint (normal execution)

VM Mutex/Monitor currently owned by a thread: None

Heap address: 0x0000000085200000, size: 1966 MB, Compressed Oops mode: 32-bit

CDS archive(s) mapped at: [0x000001e680000000-0x000001e680d70000-0x000001e680d70000), size 14090240, SharedBaseAddress: 0x000001e680000000, ArchiveRelocationMode: 1.
Compressed class space mapped at: 0x000001e681000000-0x000001e6c1000000, reserved size: 1073741824
Narrow klass base: 0x000001e680000000, Narrow klass shift: 0, Narrow klass range: 0x41000000

GC Precious Log:
 CardTable entry size: 512
 Card Set container configuration: InlinePtr #cards 5 size 8 Array Of Cards #cards 10 size 36 Howl #buckets 4 coarsen threshold 1843 Howl Bitmap #cards 512 size 80 coarsen threshold 460 Card regions per heap region 1 cards per card region 2048
 CPUs: 16 total, 16 available
 Memory: 7860M
 Large Page Support: Disabled
 NUMA Support: Disabled
 Compressed Oops: Enabled (32-bit)
 Heap Region Size: 1M
 Heap Min Capacity: 8M
 Heap Initial Capacity: 124M
 Heap Max Capacity: 1966M
 Pre-touch: Disabled
 Parallel Workers: 13
 Concurrent Workers: 3
 Concurrent Refinement Workers: 13
 Periodic GC: Disabled

Heap:
 garbage-first heap   total reserved 2013184K, committed 48128K, used 18293K [0x0000000085200000, 0x0000000100000000)
  region size 1024K, 7 young (7168K), 3 survivors (3072K)
 Metaspace       used 32025K, committed 32576K, reserved 1114112K
  class space    used 4130K, committed 4352K, reserved 1048576K

Heap Regions: E=young(eden), S=young(survivor), O=old, HS=humongous(starts), HC=humongous(continues), CS=collection set, F=free, TAMS=top-at-mark-start, PB=parsable bottom
|   0|0x0000000085200000, 0x0000000085300000, 0x0000000085300000|100%| O|  |TAMS 0x0000000085200000| PB 0x0000000085200000| Untracked |  0
|   1|0x0000000085300000, 0x0000000085400000, 0x0000000085400000|100%| O|  |TAMS 0x0000000085300000| PB 0x0000000085300000| Untracked |  0
|   2|0x0000000085400000, 0x0000000085400000, 0x0000000085500000|  0%| F|  |TAMS 0x0000000085400000| PB 0x0000000085400000| Untracked |  0
|   3|0x0000000085500000, 0x0000000085600000, 0x0000000085600000|100%| O|  |TAMS 0x0000000085500000| PB 0x0000000085500000| Untracked |  0
|   4|0x0000000085600000, 0x00000000856c6b48, 0x0000000085700000| 77%| O|  |TAMS 0x0000000085600000| PB 0x0000000085600000| Untracked |  0
|   5|0x0000000085700000, 0x0000000085800000, 0x0000000085800000|100%| O|  |TAMS 0x0000000085700000| PB 0x0000000085700000| Untracked |  0
|   6|0x0000000085800000, 0x0000000085900000, 0x0000000085900000|100%| O|  |TAMS 0x0000000085800000| PB 0x0000000085800000| Untracked |  0
|   7|0x0000000085900000, 0x0000000085a00000, 0x0000000085a00000|100%| O|  |TAMS 0x0000000085900000| PB 0x0000000085900000| Untracked |  0
|   8|0x0000000085a00000, 0x0000000085b00000, 0x0000000085b00000|100%| O|  |TAMS 0x0000000085a00000| PB 0x0000000085a00000| Untracked |  0
|   9|0x0000000085b00000, 0x0000000085c00000, 0x0000000085c00000|100%| O|  |TAMS 0x0000000085b00000| PB 0x0000000085b00000| Untracked |  0
|  10|0x0000000085c00000, 0x0000000085cd0a80, 0x0000000085d00000| 81%| O|  |TAMS 0x0000000085c00000| PB 0x0000000085c00000| Untracked |  0
|  11|0x0000000085d00000, 0x0000000085d00000, 0x0000000085e00000|  0%| F|  |TAMS 0x0000000085d00000| PB 0x0000000085d00000| Untracked |  0
|  12|0x0000000085e00000, 0x0000000085e00000, 0x0000000085f00000|  0%| F|  |TAMS 0x0000000085e00000| PB 0x0000000085e00000| Untracked |  0
|  13|0x0000000085f00000, 0x0000000085f00000, 0x0000000086000000|  0%| F|  |TAMS 0x0000000085f00000| PB 0x0000000085f00000| Untracked |  0
|  14|0x0000000086000000, 0x00000000860460c0, 0x0000000086100000| 27%| S|CS|TAMS 0x0000000086000000| PB 0x0000000086000000| Complete |  0
|  15|0x0000000086100000, 0x0000000086200000, 0x0000000086200000|100%| S|CS|TAMS 0x0000000086100000| PB 0x0000000086100000| Complete |  0
|  16|0x0000000086200000, 0x0000000086300000, 0x0000000086300000|100%| S|CS|TAMS 0x0000000086200000| PB 0x0000000086200000| Complete |  0
|  17|0x0000000086300000, 0x0000000086300000, 0x0000000086400000|  0%| F|  |TAMS 0x0000000086300000| PB 0x0000000086300000| Untracked |  0
|  18|0x0000000086400000, 0x0000000086400000, 0x0000000086500000|  0%| F|  |TAMS 0x0000000086400000| PB 0x0000000086400000| Untracked |  0
|  19|0x0000000086500000, 0x0000000086500000, 0x0000000086600000|  0%| F|  |TAMS 0x0000000086500000| PB 0x0000000086500000| Untracked |  0
|  20|0x0000000086600000, 0x0000000086600000, 0x0000000086700000|  0%| F|  |TAMS 0x0000000086600000| PB 0x0000000086600000| Untracked |  0
|  21|0x0000000086700000, 0x0000000086700000, 0x0000000086800000|  0%| F|  |TAMS 0x0000000086700000| PB 0x0000000086700000| Untracked |  0
|  22|0x0000000086800000, 0x0000000086800000, 0x0000000086900000|  0%| F|  |TAMS 0x0000000086800000| PB 0x0000000086800000| Untracked |  0
|  23|0x0000000086900000, 0x0000000086900000, 0x0000000086a00000|  0%| F|  |TAMS 0x0000000086900000| PB 0x0000000086900000| Untracked |  0
|  24|0x0000000086a00000, 0x0000000086a00000, 0x0000000086b00000|  0%| F|  |TAMS 0x0000000086a00000| PB 0x0000000086a00000| Untracked |  0
|  25|0x0000000086b00000, 0x0000000086b00000, 0x0000000086c00000|  0%| F|  |TAMS 0x0000000086b00000| PB 0x0000000086b00000| Untracked |  0
|  26|0x0000000086c00000, 0x0000000086c00000, 0x0000000086d00000|  0%| F|  |TAMS 0x0000000086c00000| PB 0x0000000086c00000| Untracked |  0
|  27|0x0000000086d00000, 0x0000000086d00000, 0x0000000086e00000|  0%| F|  |TAMS 0x0000000086d00000| PB 0x0000000086d00000| Untracked |  0
|  28|0x0000000086e00000, 0x0000000086e00000, 0x0000000086f00000|  0%| F|  |TAMS 0x0000000086e00000| PB 0x0000000086e00000| Untracked |  0
|  29|0x0000000086f00000, 0x0000000086f00000, 0x0000000087000000|  0%| F|  |TAMS 0x0000000086f00000| PB 0x0000000086f00000| Untracked |  0
|  30|0x0000000087000000, 0x0000000087000000, 0x0000000087100000|  0%| F|  |TAMS 0x0000000087000000| PB 0x0000000087000000| Untracked |  0
|  31|0x0000000087100000, 0x0000000087100000, 0x0000000087200000|  0%| F|  |TAMS 0x0000000087100000| PB 0x0000000087100000| Untracked |  0
|  32|0x0000000087200000, 0x0000000087200000, 0x0000000087300000|  0%| F|  |TAMS 0x0000000087200000| PB 0x0000000087200000| Untracked |  0
|  33|0x0000000087300000, 0x0000000087300000, 0x0000000087400000|  0%| F|  |TAMS 0x0000000087300000| PB 0x0000000087300000| Untracked |  0
|  34|0x0000000087400000, 0x0000000087400000, 0x0000000087500000|  0%| F|  |TAMS 0x0000000087400000| PB 0x0000000087400000| Untracked |  0
|  35|0x0000000087500000, 0x0000000087500000, 0x0000000087600000|  0%| F|  |TAMS 0x0000000087500000| PB 0x0000000087500000| Untracked |  0
|  36|0x0000000087600000, 0x0000000087600000, 0x0000000087700000|  0%| F|  |TAMS 0x0000000087600000| PB 0x0000000087600000| Untracked |  0
|  75|0x0000000089d00000, 0x0000000089d00000, 0x0000000089e00000|  0%| F|  |TAMS 0x0000000089d00000| PB 0x0000000089d00000| Untracked |  0
|  76|0x0000000089e00000, 0x0000000089e00000, 0x0000000089f00000|  0%| F|  |TAMS 0x0000000089e00000| PB 0x0000000089e00000| Untracked |  0
|  77|0x0000000089f00000, 0x0000000089f00000, 0x000000008a000000|  0%| F|  |TAMS 0x0000000089f00000| PB 0x0000000089f00000| Untracked |  0
|  78|0x000000008a000000, 0x000000008a079700, 0x000000008a100000| 47%| E|  |TAMS 0x000000008a000000| PB 0x000000008a000000| Complete |  0
|  79|0x000000008a100000, 0x000000008a200000, 0x000000008a200000|100%| E|CS|TAMS 0x000000008a100000| PB 0x000000008a100000| Complete |  0
|  80|0x000000008a200000, 0x000000008a300000, 0x000000008a300000|100%| E|CS|TAMS 0x000000008a200000| PB 0x000000008a200000| Complete |  0
| 123|0x000000008cd00000, 0x000000008ce00000, 0x000000008ce00000|100%| E|CS|TAMS 0x000000008cd00000| PB 0x000000008cd00000| Complete |  0
|1963|0x00000000ffd00000, 0x00000000ffe00000, 0x00000000ffe00000|100%| O|  |TAMS 0x00000000ffd00000| PB 0x00000000ffd00000| Untracked |  0
|1964|0x00000000ffe00000, 0x00000000fff00000, 0x00000000fff00000|100%| O|  |TAMS 0x00000000ffe00000| PB 0x00000000ffe00000| Untracked |  0
|1965|0x00000000fff00000, 0x0000000100000000, 0x0000000100000000|100%| O|  |TAMS 0x00000000fff00000| PB 0x00000000fff00000| Untracked |  0

Card table byte_map: [0x000001e6dfe00000,0x000001e6e01e0000] _byte_map_base: 0x000001e6df9d7000

Marking Bits: (CMBitMap*) 0x000001e6c79bafb0
 Bits: [0x000001e6e01e0000, 0x000001e6e2098000)

Polling page: 0x000001e6c57a0000

Metaspace:

Usage:
  Non-class:     27.24 MB used.
      Class:      4.03 MB used.
       Both:     31.27 MB used.

Virtual space:
  Non-class space:       64.00 MB reserved,      27.56 MB ( 43%) committed,  1 nodes.
      Class space:        1.00 GB reserved,       4.25 MB ( <1%) committed,  1 nodes.
             Both:        1.06 GB reserved,      31.81 MB (  3%) committed. 

Chunk freelists:
   Non-Class:  3.95 MB
       Class:  11.77 MB
        Both:  15.72 MB

MaxMetaspaceSize: unlimited
CompressedClassSpaceSize: 1.00 GB
Initial GC threshold: 21.00 MB
Current GC threshold: 35.12 MB
CDS: on
 - commit_granule_bytes: 65536.
 - commit_granule_words: 8192.
 - virtual_space_node_default_size: 8388608.
 - enlarge_chunks_in_place: 1.
 - use_allocation_guard: 0.


Internal statistics:

num_allocs_failed_limit: 3.
num_arena_births: 708.
num_arena_deaths: 0.
num_vsnodes_births: 2.
num_vsnodes_deaths: 0.
num_space_committed: 509.
num_space_uncommitted: 0.
num_chunks_returned_to_freelist: 3.
num_chunks_taken_from_freelist: 1850.
num_chunk_merges: 3.
num_chunk_splits: 1241.
num_chunks_enlarged: 864.
num_inconsistent_stats: 0.

CodeHeap 'non-profiled nmethods': size=119232Kb used=1678Kb max_used=1678Kb free=117553Kb
 bounds [0x000001e6d7c20000, 0x000001e6d7e90000, 0x000001e6df090000]
CodeHeap 'profiled nmethods': size=119104Kb used=7272Kb max_used=7272Kb free=111831Kb
 bounds [0x000001e6d0090000, 0x000001e6d07b0000, 0x000001e6d74e0000]
CodeHeap 'non-nmethods': size=7424Kb used=2088Kb max_used=3245Kb free=5335Kb
 bounds [0x000001e6d74e0000, 0x000001e6d7820000, 0x000001e6d7c20000]
CodeCache: size=245760Kb, used=11038Kb, max_used=12195Kb, free=234719Kb
 total_blobs=5204, nmethods=4594, adapters=514, full_count=0
Compilation: enabled, stopped_count=0, restarted_count=0

Compilation events (20 events):
Event: 15.132 Thread 0x000001e6e5100a40 nmethod 4587 0x000001e6d07a1688 code [0x000001e6d07a1860, 0x000001e6d07a23c8]
Event: 15.132 Thread 0x000001e6e5100a40 4588       3       java.lang.invoke.VarHandleGuards::guard_LI_L (89 bytes)
Event: 15.132 Thread 0x000001e6e517be90 nmethod 4584 0x000001e6d07a2488 code [0x000001e6d07a2820, 0x000001e6d07a4cb0]
Event: 15.132 Thread 0x000001e6e517be90 4589       3       java.lang.invoke.VarHandleReferences$Array::getVolatile (49 bytes)
Event: 15.133 Thread 0x000001e6e517be90 nmethod 4589 0x000001e6d07a4d88 code [0x000001e6d07a4ee0, 0x000001e6d07a5430]
Event: 15.133 Thread 0x000001e6e517be90 4596       3       com.fasterxml.jackson.databind.util.internal.PrivateMaxEntriesMap::drainReadBuffer (104 bytes)
Event: 15.133 Thread 0x000001e6e5100a40 nmethod 4588 0x000001e6d07a5488 code [0x000001e6d07a5760, 0x000001e6d07a72e0]
Event: 15.133 Thread 0x000001e6e5100a40 4592       1       com.fasterxml.jackson.databind.JavaType::getReferencedType (2 bytes)
Event: 15.133 Thread 0x000001e6e5100a40 nmethod 4592 0x000001e6d7dc2a88 code [0x000001e6d7dc2ba0, 0x000001e6d7dc2c70]
Event: 15.133 Thread 0x000001e6e5100a40 4593       1       com.fasterxml.jackson.databind.type.SimpleType::isContainerType (2 bytes)
Event: 15.133 Thread 0x000001e6e5100a40 nmethod 4593 0x000001e6d7dc2d88 code [0x000001e6d7dc2ea0, 0x000001e6d7dc2f68]
Event: 15.133 Thread 0x000001e6e5100a40 4594       1       com.fasterxml.jackson.databind.type.TypeBase::getBindings (5 bytes)
Event: 15.133 Thread 0x000001e6e5100a40 nmethod 4594 0x000001e6d7dc3088 code [0x000001e6d7dc31a0, 0x000001e6d7dc3268]
Event: 15.133 Thread 0x000001e6e5100a40 4595       1       java.lang.Thread::threadId (5 bytes)
Event: 15.133 Thread 0x000001e6e5100a40 nmethod 4595 0x000001e6d7dc3388 code [0x000001e6d7dc34a0, 0x000001e6d7dc3568]
Event: 15.133 Thread 0x000001e6e5100a40 4597       1       com.fasterxml.jackson.databind.util.internal.PrivateMaxEntriesMap$Node::getPrevious (5 bytes)
Event: 15.133 Thread 0x000001e6e5100a40 nmethod 4597 0x000001e6d7dc3688 code [0x000001e6d7dc37a0, 0x000001e6d7dc3868]
Event: 15.134 Thread 0x000001e6e5100a40 4598       3       com.fasterxml.jackson.databind.type.ClassKey::<init> (29 bytes)
Event: 15.134 Thread 0x000001e6e5100a40 nmethod 4598 0x000001e6d07a7388 code [0x000001e6d07a74e0, 0x000001e6d07a7828]
Event: 15.135 Thread 0x000001e6e517be90 nmethod 4596 0x000001e6d07a7888 code [0x000001e6d07a7c20, 0x000001e6d07a9bc0]

GC Heap History (10 events):
Event: 1.179 GC heap before
{Heap before GC invocations=0 (full 0):
 garbage-first heap   total reserved 2013184K, committed 126976K, used 24576K [0x0000000085200000, 0x0000000100000000)
  region size 1024K, 24 young (24576K), 0 survivors (0K)
 Metaspace       used 7617K, committed 7872K, reserved 1114112K
  class space    used 928K, committed 1024K, reserved 1048576K
}
Event: 1.188 GC heap after
{Heap after GC invocations=1 (full 0):
 garbage-first heap   total reserved 2013184K, committed 126976K, used 4616K [0x0000000085200000, 0x0000000100000000)
  region size 1024K, 3 young (3072K), 3 survivors (3072K)
 Metaspace       used 7617K, committed 7872K, reserved 1114112K
  class space    used 928K, committed 1024K, reserved 1048576K
}
Event: 1.858 GC heap before
{Heap before GC invocations=1 (full 0):
 garbage-first heap   total reserved 2013184K, committed 126976K, used 26120K [0x0000000085200000, 0x0000000100000000)
  region size 1024K, 25 young (25600K), 3 survivors (3072K)
 Metaspace       used 13241K, committed 13504K, reserved 1114112K
  class space    used 1591K, committed 1728K, reserved 1048576K
}
Event: 1.864 GC heap after
{Heap after GC invocations=2 (full 0):
 garbage-first heap   total reserved 2013184K, committed 126976K, used 7247K [0x0000000085200000, 0x0000000100000000)
  region size 1024K, 3 young (3072K), 3 survivors (3072K)
 Metaspace       used 13241K, committed 13504K, reserved 1114112K
  class space    used 1591K, committed 1728K, reserved 1048576K
}
Event: 2.886 GC heap before
{Heap before GC invocations=2 (full 0):
 garbage-first heap   total reserved 2013184K, committed 126976K, used 47183K [0x0000000085200000, 0x0000000100000000)
  region size 1024K, 43 young (44032K), 3 survivors (3072K)
 Metaspace       used 21115K, committed 21504K, reserved 1114112K
  class space    used 2642K, committed 2816K, reserved 1048576K
}
Event: 2.893 GC heap after
{Heap after GC invocations=3 (full 0):
 garbage-first heap   total reserved 2013184K, committed 126976K, used 10838K [0x0000000085200000, 0x0000000100000000)
  region size 1024K, 6 young (6144K), 6 survivors (6144K)
 Metaspace       used 21115K, committed 21504K, reserved 1114112K
  class space    used 2642K, committed 2816K, reserved 1048576K
}
Event: 3.605 GC heap before
{Heap before GC invocations=4 (full 0):
 garbage-first heap   total reserved 2013184K, committed 37888K, used 37462K [0x0000000085200000, 0x0000000100000000)
  region size 1024K, 32 young (32768K), 6 survivors (6144K)
 Metaspace       used 26790K, committed 27264K, reserved 1114112K
  class space    used 3432K, committed 3648K, reserved 1048576K
}
Event: 3.613 GC heap after
{Heap after GC invocations=5 (full 0):
 garbage-first heap   total reserved 2013184K, committed 48128K, used 13452K [0x0000000085200000, 0x0000000100000000)
  region size 1024K, 7 young (7168K), 7 survivors (7168K)
 Metaspace       used 26790K, committed 27264K, reserved 1114112K
  class space    used 3432K, committed 3648K, reserved 1048576K
}
Event: 15.024 GC heap before
{Heap before GC invocations=5 (full 0):
 garbage-first heap   total reserved 2013184K, committed 48128K, used 32908K [0x0000000085200000, 0x0000000100000000)
  region size 1024K, 27 young (27648K), 7 survivors (7168K)
 Metaspace       used 30959K, committed 31552K, reserved 1114112K
  class space    used 3978K, committed 4224K, reserved 1048576K
}
Event: 15.030 GC heap after
{Heap after GC invocations=6 (full 0):
 garbage-first heap   total reserved 2013184K, committed 48128K, used 15221K [0x0000000085200000, 0x0000000100000000)
  region size 1024K, 3 young (3072K), 3 survivors (3072K)
 Metaspace       used 30959K, committed 31552K, reserved 1114112K
  class space    used 3978K, committed 4224K, reserved 1048576K
}

Dll operation events (13 events):
Event: 0.017 Loaded shared library C:\Users\krims_k45\.jdks\openjdk-23.0.2\bin\java.dll
Event: 0.058 Loaded shared library C:\Users\krims_k45\.jdks\openjdk-23.0.2\bin\jsvml.dll
Event: 0.132 Loaded shared library C:\Users\krims_k45\.jdks\openjdk-23.0.2\bin\zip.dll
Event: 0.138 Loaded shared library C:\Users\krims_k45\.jdks\openjdk-23.0.2\bin\instrument.dll
Event: 0.143 Loaded shared library C:\Users\krims_k45\.jdks\openjdk-23.0.2\bin\net.dll
Event: 0.145 Loaded shared library C:\Users\krims_k45\.jdks\openjdk-23.0.2\bin\nio.dll
Event: 0.147 Loaded shared library C:\Users\krims_k45\.jdks\openjdk-23.0.2\bin\zip.dll
Event: 0.205 Loaded shared library C:\Program Files\JetBrains\IntelliJ IDEA Community Edition 2024.1.5\bin\breakgen64.dll
Event: 0.220 Loaded shared library C:\Users\krims_k45\.jdks\openjdk-23.0.2\bin\extnet.dll
Event: 0.299 Loaded shared library C:\Users\krims_k45\.jdks\openjdk-23.0.2\bin\jimage.dll
Event: 2.128 Loaded shared library C:\Users\krims_k45\.jdks\openjdk-23.0.2\bin\sunmscapi.dll
Event: 3.349 Loaded shared library C:\Users\krims_k45\.jdks\openjdk-23.0.2\bin\management.dll
Event: 3.351 Loaded shared library C:\Users\krims_k45\.jdks\openjdk-23.0.2\bin\management_ext.dll

Deoptimization events (20 events):
Event: 3.851 Thread 0x000001e6c7965820 Uncommon trap: trap_request=0xffffffd6 fr.pc=0x000001e6d7d8b2b0 relative=0x0000000000000830
Event: 3.851 Thread 0x000001e6c7965820 Uncommon trap: reason=array_check action=maybe_recompile pc=0x000001e6d7d8b2b0 method=java.util.AbstractCollection.toArray([Ljava/lang/Object;)[Ljava/lang/Object; @ 116 c2
Event: 3.851 Thread 0x000001e6c7965820 DEOPT PACKING pc=0x000001e6d7d8b2b0 sp=0x00000041090fcda0
Event: 3.851 Thread 0x000001e6c7965820 DEOPT UNPACKING pc=0x000001e6d7534402 sp=0x00000041090fcd60 mode 2
Event: 3.875 Thread 0x000001e6c7965820 Uncommon trap: trap_request=0xffffffde fr.pc=0x000001e6d7d8b778 relative=0x0000000000000158
Event: 3.875 Thread 0x000001e6c7965820 Uncommon trap: reason=class_check action=maybe_recompile pc=0x000001e6d7d8b778 method=java.lang.reflect.Array.newInstance(Ljava/lang/Class;I)Ljava/lang/Object; @ 2 c2
Event: 3.875 Thread 0x000001e6c7965820 DEOPT PACKING pc=0x000001e6d7d8b778 sp=0x00000041090fda00
Event: 3.875 Thread 0x000001e6c7965820 DEOPT UNPACKING pc=0x000001e6d7534402 sp=0x00000041090fd998 mode 2
Event: 3.908 Thread 0x000001e6c7965820 Uncommon trap: trap_request=0xffffff45 fr.pc=0x000001e6d7c874dc relative=0x000000000000005c
Event: 3.908 Thread 0x000001e6c7965820 Uncommon trap: reason=unstable_if action=reinterpret pc=0x000001e6d7c874dc method=org.springframework.util.ConcurrentReferenceHashMap$Segment.clear()V @ 7 c2
Event: 3.908 Thread 0x000001e6c7965820 DEOPT PACKING pc=0x000001e6d7c874dc sp=0x00000041090ff0e0
Event: 3.908 Thread 0x000001e6c7965820 DEOPT UNPACKING pc=0x000001e6d7534402 sp=0x00000041090ff070 mode 2
Event: 4.064 Thread 0x000001e6c7965820 Uncommon trap: trap_request=0xffffff45 fr.pc=0x000001e6d7d58600 relative=0x00000000000003a0
Event: 4.064 Thread 0x000001e6c7965820 Uncommon trap: reason=unstable_if action=reinterpret pc=0x000001e6d7d58600 method=jdk.internal.org.objectweb.asm.MethodWriter.visitVarInsn(II)V @ 242 c2
Event: 4.064 Thread 0x000001e6c7965820 DEOPT PACKING pc=0x000001e6d7d58600 sp=0x00000041090fda30
Event: 4.064 Thread 0x000001e6c7965820 DEOPT UNPACKING pc=0x000001e6d7534402 sp=0x00000041090fd9c8 mode 2
Event: 15.130 Thread 0x000001e6e657ec10 Uncommon trap: trap_request=0xffffff45 fr.pc=0x000001e6d7d25704 relative=0x00000000000003a4
Event: 15.130 Thread 0x000001e6e657ec10 Uncommon trap: reason=unstable_if action=reinterpret pc=0x000001e6d7d25704 method=java.util.HashMap.getNode(Ljava/lang/Object;)Ljava/util/HashMap$Node; @ 66 c2
Event: 15.130 Thread 0x000001e6e657ec10 DEOPT PACKING pc=0x000001e6d7d25704 sp=0x000000410bcfcc60
Event: 15.130 Thread 0x000001e6e657ec10 DEOPT UNPACKING pc=0x000001e6d7534402 sp=0x000000410bcfcb90 mode 2

Classes loaded (20 events):
Event: 15.088 Loading class java/util/ArrayList$SubList$2
Event: 15.088 Loading class java/util/ArrayList$SubList$2 done
Event: 15.099 Loading class java/time/format/DateTimeFormatterBuilder$ZoneTextPrinterParser
Event: 15.099 Loading class java/time/format/DateTimeFormatterBuilder$ZoneTextPrinterParser done
Event: 15.100 Loading class java/time/format/DateTimeFormatterBuilder$ReducedPrinterParser
Event: 15.100 Loading class java/time/format/DateTimeFormatterBuilder$ReducedPrinterParser done
Event: 15.110 Loading class java/util/OptionalLong
Event: 15.110 Loading class java/util/OptionalLong done
Event: 15.110 Loading class java/util/OptionalDouble
Event: 15.111 Loading class java/util/OptionalDouble done
Event: 15.115 Loading class java/util/AbstractMap$SimpleEntry
Event: 15.115 Loading class java/util/AbstractMap$SimpleEntry done
Event: 15.128 Loading class java/util/stream/LongStream
Event: 15.129 Loading class java/util/stream/LongStream done
Event: 15.129 Loading class java/util/stream/DoubleStream
Event: 15.129 Loading class java/util/stream/DoubleStream done
Event: 15.129 Loading class java/io/ObjectOutputStream
Event: 15.130 Loading class java/io/ObjectOutput
Event: 15.130 Loading class java/io/ObjectOutput done
Event: 15.130 Loading class java/io/ObjectOutputStream done

Classes unloaded (0 events):
No events

Classes redefined (0 events):
No events

Internal exceptions (20 events):
Event: 3.100 Thread 0x000001e6c7965820 Exception <a 'java/lang/NoSuchMethodError'{0x0000000086820b48}: 'java.lang.Object java.lang.invoke.Invokers$Holder.linkToTargetMethod(java.lang.Object, java.lang.Object, int, java.lang.Object)'> (0x0000000086820b48) 
thrown [s\open\src\hotspot\share\interpreter\linkResolver.cpp, line 796]
Event: 3.187 Thread 0x000001e6c7965820 Exception <a 'java/lang/NoSuchMethodError'{0x0000000086577300}: 'java.lang.Object java.lang.invoke.DirectMethodHandle$Holder.invokeStaticInit(java.lang.Object, int, int, int, int)'> (0x0000000086577300) 
thrown [s\open\src\hotspot\share\interpreter\linkResolver.cpp, line 796]
Event: 3.206 Thread 0x000001e6c7965820 Exception <a 'java/lang/NoSuchMethodError'{0x00000000865f38f0}: 'java.lang.Object java.lang.invoke.DirectMethodHandle$Holder.invokeStaticInit(java.lang.Object, java.lang.Object, int, int, int, int)'> (0x00000000865f38f0) 
thrown [s\open\src\hotspot\share\interpreter\linkResolver.cpp, line 796]
Event: 3.325 Thread 0x000001e6c7965820 Exception <a 'java/lang/NoSuchMethodError'{0x00000000861d1240}: 'int java.lang.invoke.DirectMethodHandle$Holder.invokeVirtual(java.lang.Object, java.lang.Object, java.lang.Object, java.lang.Object)'> (0x00000000861d1240) 
thrown [s\open\src\hotspot\share\interpreter\linkResolver.cpp, line 796]
Event: 3.326 Thread 0x000001e6c7965820 Exception <a 'java/lang/NoSuchMethodError'{0x00000000861d4ad8}: 'int java.lang.invoke.DelegatingMethodHandle$Holder.reinvoke_L(java.lang.Object, java.lang.Object, java.lang.Object, java.lang.Object)'> (0x00000000861d4ad8) 
thrown [s\open\src\hotspot\share\interpreter\linkResolver.cpp, line 796]
Event: 3.359 Thread 0x000001e6c7965820 Exception <a 'java/io/FileNotFoundException'{0x00000000860cd820}> (0x00000000860cd820) 
thrown [s\open\src\hotspot\share\prims\jni.cpp, line 520]
Event: 3.404 Thread 0x000001e6c7965820 Exception <a 'java/lang/NoSuchMethodError'{0x0000000085eba4d8}: 'int java.lang.invoke.DirectMethodHandle$Holder.invokeInterface(java.lang.Object, java.lang.Object, java.lang.Object, java.lang.Object)'> (0x0000000085eba4d8) 
thrown [s\open\src\hotspot\share\interpreter\linkResolver.cpp, line 796]
Event: 3.453 Thread 0x000001e6c7965820 Exception <a 'java/lang/NoSuchMethodError'{0x0000000085c46c60}: 'long java.lang.invoke.DirectMethodHandle$Holder.invokeVirtual(java.lang.Object, java.lang.Object)'> (0x0000000085c46c60) 
thrown [s\open\src\hotspot\share\interpreter\linkResolver.cpp, line 796]
Event: 3.474 Thread 0x000001e6c7965820 Exception <a 'java/lang/NoSuchMethodError'{0x0000000085cf72d8}: 'void java.lang.invoke.Invokers$Holder.invokeExact_MT(java.lang.Object, java.lang.Object, java.lang.Object, java.lang.Object)'> (0x0000000085cf72d8) 
thrown [s\open\src\hotspot\share\interpreter\linkResolver.cpp, line 796]
Event: 3.543 Thread 0x000001e6c7965820 Exception <a 'java/lang/NoSuchMethodError'{0x00000000859c6450}: 'java.lang.Object java.lang.invoke.DirectMethodHandle$Holder.newInvokeSpecial(java.lang.Object, java.lang.Object, java.lang.Object, java.lang.Object, java.lang.Object, java.lang.Object, java.lang.Object, java.lang.Object)'> (0x00000000859c6450) 
thrown [s\open\src\hotspot\share\interpreter\linkResolver.cpp, line 796]
Event: 3.722 Thread 0x000001e6c7965820 Exception <a 'java/lang/IncompatibleClassChangeError'{0x0000000089e9ae90}: Found class java.lang.Object, but interface was expected> (0x0000000089e9ae90) 
thrown [s\open\src\hotspot\share\interpreter\linkResolver.cpp, line 863]
Event: 3.765 Thread 0x000001e6c7965820 Exception <a 'java/lang/NoSuchMethodError'{0x0000000089dc6b40}: 'void java.lang.invoke.DirectMethodHandle$Holder.invokeVirtual(java.lang.Object, java.lang.Object, long)'> (0x0000000089dc6b40) 
thrown [s\open\src\hotspot\share\interpreter\linkResolver.cpp, line 796]
Event: 3.815 Thread 0x000001e6c7965820 Exception <a 'java/lang/NoSuchMethodError'{0x0000000086eda980}: 'int java.lang.invoke.DirectMethodHandle$Holder.invokeStaticInit(java.lang.Object, java.lang.Object, java.lang.Object, java.lang.Object)'> (0x0000000086eda980) 
thrown [s\open\src\hotspot\share\interpreter\linkResolver.cpp, line 796]
Event: 3.912 Thread 0x000001e6c7965820 Exception <a 'java/lang/NoSuchMethodError'{0x0000000086bf1520}: 'java.lang.Object java.lang.invoke.DirectMethodHandle$Holder.newInvokeSpecial(java.lang.Object, java.lang.Object, int, java.lang.Object, java.lang.Object)'> (0x0000000086bf1520) 
thrown [s\open\src\hotspot\share\interpreter\linkResolver.cpp, line 796]
Event: 4.062 Thread 0x000001e6c7965820 Exception <a 'java/lang/NoSuchMethodError'{0x00000000866d2e58}: 'void java.lang.invoke.DirectMethodHandle$Holder.invokeVirtual(java.lang.Object, java.lang.Object, double)'> (0x00000000866d2e58) 
thrown [s\open\src\hotspot\share\interpreter\linkResolver.cpp, line 796]
Event: 4.063 Thread 0x000001e6c7965820 Exception <a 'java/lang/NoSuchMethodError'{0x00000000866dd380}: 'double java.lang.invoke.DelegatingMethodHandle$Holder.reinvoke_L(java.lang.Object, java.lang.Object, int)'> (0x00000000866dd380) 
thrown [s\open\src\hotspot\share\interpreter\linkResolver.cpp, line 796]
Event: 4.063 Thread 0x000001e6c7965820 Exception <a 'java/lang/NoSuchMethodError'{0x00000000866e70b8}: 'void java.lang.invoke.DelegatingMethodHandle$Holder.reinvoke_L(java.lang.Object, java.lang.Object, double)'> (0x00000000866e70b8) 
thrown [s\open\src\hotspot\share\interpreter\linkResolver.cpp, line 796]
Event: 14.990 Thread 0x000001e6e6f5db70 Exception <a 'java/lang/NoSuchMethodError'{0x00000000864da248}: 'java.lang.Object java.lang.invoke.DirectMethodHandle$Holder.invokeSpecial(java.lang.Object, java.lang.Object, java.lang.Object, java.lang.Object, java.lang.Object, long)'> (0x00000000864da248) 
thrown [s\open\src\hotspot\share\interpreter\linkResolver.cpp, line 796]
Event: 14.990 Thread 0x000001e6e6f5db70 Exception <a 'java/lang/NoSuchMethodError'{0x00000000864dd9d8}: 'java.lang.Object java.lang.invoke.Invokers$Holder.linkToTargetMethod(java.lang.Object, java.lang.Object, java.lang.Object, long, java.lang.Object)'> (0x00000000864dd9d8) 
thrown [s\open\src\hotspot\share\interpreter\linkResolver.cpp, line 796]
Event: 15.087 Thread 0x000001e6e657ec10 Exception <a 'java/lang/NoSuchMethodError'{0x000000008a11a4b0}: 'java.lang.Object java.lang.invoke.DirectMethodHandle$Holder.invokeStatic(java.lang.Object, int, int)'> (0x000000008a11a4b0) 
thrown [s\open\src\hotspot\share\interpreter\linkResolver.cpp, line 796]

VM Operations (20 events):
Event: 3.460 Executing VM operation: HandshakeAllThreads (Deoptimize)
Event: 3.461 Executing VM operation: HandshakeAllThreads (Deoptimize) done
Event: 3.600 Executing VM operation: HandshakeAllThreads (Deoptimize)
Event: 3.600 Executing VM operation: HandshakeAllThreads (Deoptimize) done
Event: 3.605 Executing VM operation: G1CollectForAllocation (G1 Evacuation Pause)
Event: 3.613 Executing VM operation: G1CollectForAllocation (G1 Evacuation Pause) done
Event: 3.642 Executing VM operation: HandshakeAllThreads (Deoptimize)
Event: 3.642 Executing VM operation: HandshakeAllThreads (Deoptimize) done
Event: 3.735 Executing VM operation: HandshakeAllThreads (Deoptimize)
Event: 3.735 Executing VM operation: HandshakeAllThreads (Deoptimize) done
Event: 3.789 Executing VM operation: HandshakeAllThreads (Deoptimize)
Event: 3.789 Executing VM operation: HandshakeAllThreads (Deoptimize) done
Event: 3.984 Executing VM operation: HandshakeAllThreads (Deoptimize)
Event: 3.984 Executing VM operation: HandshakeAllThreads (Deoptimize) done
Event: 15.007 Executing VM operation: HandshakeAllThreads (Deoptimize)
Event: 15.007 Executing VM operation: HandshakeAllThreads (Deoptimize) done
Event: 15.024 Executing VM operation: G1CollectForAllocation (G1 Evacuation Pause)
Event: 15.030 Executing VM operation: G1CollectForAllocation (G1 Evacuation Pause) done
Event: 15.071 Executing VM operation: HandshakeAllThreads (Deoptimize)
Event: 15.071 Executing VM operation: HandshakeAllThreads (Deoptimize) done

Memory protections (0 events):
No events

Nmethod flushes (0 events):
No events

Events (20 events):
Event: 3.468 Thread 0x000001e6e6f602d0 Thread added: 0x000001e6e6f5d4e0
Event: 3.472 Thread 0x000001e6c7965820 Thread added: 0x000001e6e6f5fc40
Event: 3.923 Thread 0x000001e6c7965820 Thread added: 0x000001e6e6f5db70
Event: 3.923 Thread 0x000001e6c7965820 Thread added: 0x000001e6e6f5e200
Event: 3.923 Thread 0x000001e6c7965820 Thread added: 0x000001e6e6f60960
Event: 3.923 Thread 0x000001e6c7965820 Thread added: 0x000001e6e657ec10
Event: 3.923 Thread 0x000001e6c7965820 Thread added: 0x000001e6e6585510
Event: 3.924 Thread 0x000001e6c7965820 Thread added: 0x000001e6e6581370
Event: 3.924 Thread 0x000001e6c7965820 Thread added: 0x000001e6e657f2a0
Event: 3.924 Thread 0x000001e6c7965820 Thread added: 0x000001e6e657e580
Event: 3.924 Thread 0x000001e6c7965820 Thread added: 0x000001e6e6584e80
Event: 3.924 Thread 0x000001e6c7965820 Thread added: 0x000001e6e657f930
Event: 3.935 Thread 0x000001e6c7965820 Thread added: 0x000001e6e6582db0
Event: 3.937 Thread 0x000001e6c7965820 Thread added: 0x000001e6e6580ce0
Event: 4.069 Thread 0x000001e6c7965820 Thread exited: 0x000001e6c7965820
Event: 4.069 Thread 0x000001e6e6585ba0 Thread added: 0x000001e6e6585ba0
Event: 6.947 Thread 0x000001e6e527ce10 Thread exited: 0x000001e6e527ce10
Event: 11.950 Thread 0x000001e6e57e7500 Thread exited: 0x000001e6e57e7500
Event: 11.950 Thread 0x000001e6e527bf40 Thread exited: 0x000001e6e527bf40
Event: 11.950 Thread 0x000001e6e517c550 Thread exited: 0x000001e6e517c550


Dynamic libraries:
0x00007ff6dfef0000 - 0x00007ff6dfefe000 	C:\Users\krims_k45\.jdks\openjdk-23.0.2\bin\java.exe
0x00007ff9f36d0000 - 0x00007ff9f38e7000 	C:\Windows\SYSTEM32\ntdll.dll
0x00007ff9f2df0000 - 0x00007ff9f2eb4000 	C:\Windows\System32\KERNEL32.DLL
0x00007ff9f0f40000 - 0x00007ff9f1310000 	C:\Windows\System32\KERNELBASE.dll
0x00007ff9f0da0000 - 0x00007ff9f0eb1000 	C:\Windows\System32\ucrtbase.dll
0x00007ff9c2e10000 - 0x00007ff9c2e27000 	C:\Users\krims_k45\.jdks\openjdk-23.0.2\bin\jli.dll
0x00007ff9f3400000 - 0x00007ff9f35ae000 	C:\Windows\System32\USER32.dll
0x00007ff9f1390000 - 0x00007ff9f13b6000 	C:\Windows\System32\win32u.dll
0x00007ff9c2db0000 - 0x00007ff9c2dcb000 	C:\Users\krims_k45\.jdks\openjdk-23.0.2\bin\VCRUNTIME140.dll
0x00007ff9f35b0000 - 0x00007ff9f35d9000 	C:\Windows\System32\GDI32.dll
0x00007ff9f0be0000 - 0x00007ff9f0cfb000 	C:\Windows\System32\gdi32full.dll
0x00007ff9c5780000 - 0x00007ff9c5a12000 	C:\Windows\WinSxS\amd64_microsoft.windows.common-controls_6595b64144ccf1df_6.0.22621.4830_none_270fe7d773858e80\COMCTL32.dll
0x00007ff9f0d00000 - 0x00007ff9f0d9a000 	C:\Windows\System32\msvcp_win.dll
0x00007ff9f1e60000 - 0x00007ff9f1f07000 	C:\Windows\System32\msvcrt.dll
0x00007ff9f3300000 - 0x00007ff9f3331000 	C:\Windows\System32\IMM32.DLL
0x00007ff9ce4b0000 - 0x00007ff9ce4bc000 	C:\Users\krims_k45\.jdks\openjdk-23.0.2\bin\vcruntime140_1.dll
0x00007ff9c2d20000 - 0x00007ff9c2dae000 	C:\Users\krims_k45\.jdks\openjdk-23.0.2\bin\msvcp140.dll
0x00007ff95dd00000 - 0x00007ff95ea50000 	C:\Users\krims_k45\.jdks\openjdk-23.0.2\bin\server\jvm.dll
0x00007ff9f3340000 - 0x00007ff9f33f1000 	C:\Windows\System32\ADVAPI32.dll
0x00007ff9f3170000 - 0x00007ff9f3217000 	C:\Windows\System32\sechost.dll
0x00007ff9f0a40000 - 0x00007ff9f0a68000 	C:\Windows\System32\bcrypt.dll
0x00007ff9f3050000 - 0x00007ff9f3164000 	C:\Windows\System32\RPCRT4.dll
0x00007ff9f1850000 - 0x00007ff9f18c1000 	C:\Windows\System32\WS2_32.dll
0x00007ff9f0850000 - 0x00007ff9f089d000 	C:\Windows\SYSTEM32\POWRPROF.dll
0x00007ff9e9f40000 - 0x00007ff9e9f74000 	C:\Windows\SYSTEM32\WINMM.dll
0x00007ff9e3950000 - 0x00007ff9e395a000 	C:\Windows\SYSTEM32\VERSION.dll
0x00007ff9f0780000 - 0x00007ff9f0793000 	C:\Windows\SYSTEM32\UMPDC.dll
0x00007ff9ef9c0000 - 0x00007ff9ef9d8000 	C:\Windows\SYSTEM32\kernel.appcore.dll
0x00007ff9cd700000 - 0x00007ff9cd70a000 	C:\Users\krims_k45\.jdks\openjdk-23.0.2\bin\jimage.dll
0x00007ff9ee1c0000 - 0x00007ff9ee3f2000 	C:\Windows\SYSTEM32\DBGHELP.DLL
0x00007ff9f2a60000 - 0x00007ff9f2df0000 	C:\Windows\System32\combase.dll
0x00007ff9f3220000 - 0x00007ff9f32f7000 	C:\Windows\System32\OLEAUT32.dll
0x00007ff9d1120000 - 0x00007ff9d1152000 	C:\Windows\SYSTEM32\dbgcore.DLL
0x00007ff9f0ec0000 - 0x00007ff9f0f3b000 	C:\Windows\System32\bcryptPrimitives.dll
0x00007ff9cd380000 - 0x00007ff9cd38f000 	C:\Users\krims_k45\.jdks\openjdk-23.0.2\bin\instrument.dll
0x00007ff9c2d00000 - 0x00007ff9c2d1e000 	C:\Users\krims_k45\.jdks\openjdk-23.0.2\bin\java.dll
0x00007ff9f1c20000 - 0x00007ff9f1dc1000 	C:\Windows\System32\ole32.dll
0x00007ff9f2160000 - 0x00007ff9f29d8000 	C:\Windows\System32\SHELL32.dll
0x00007ff9ee8d0000 - 0x00007ff9ef1e0000 	C:\Windows\SYSTEM32\windows.storage.dll
0x00007ff9ee790000 - 0x00007ff9ee8cf000 	C:\Windows\SYSTEM32\wintypes.dll
0x00007ff9f18e0000 - 0x00007ff9f19ea000 	C:\Windows\System32\SHCORE.dll
0x00007ff9f2fd0000 - 0x00007ff9f302e000 	C:\Windows\System32\shlwapi.dll
0x00007ff9f08b0000 - 0x00007ff9f08db000 	C:\Windows\SYSTEM32\profapi.dll
0x00007ff9bc610000 - 0x00007ff9bc6e7000 	C:\Users\krims_k45\.jdks\openjdk-23.0.2\bin\jsvml.dll
0x00007ff9c2cc0000 - 0x00007ff9c2cd7000 	C:\Users\krims_k45\.jdks\openjdk-23.0.2\bin\zip.dll
0x00007ff9c5760000 - 0x00007ff9c5770000 	C:\Users\krims_k45\.jdks\openjdk-23.0.2\bin\net.dll
0x00007ff9efe40000 - 0x00007ff9efeaa000 	C:\Windows\system32\mswsock.dll
0x00007ff9c2ce0000 - 0x00007ff9c2cf6000 	C:\Users\krims_k45\.jdks\openjdk-23.0.2\bin\nio.dll
0x00007ff9c2ca0000 - 0x00007ff9c2cba000 	C:\Program Files\JetBrains\IntelliJ IDEA Community Edition 2024.1.5\bin\breakgen64.dll
0x00007ff9c38b0000 - 0x00007ff9c38b9000 	C:\Users\krims_k45\.jdks\openjdk-23.0.2\bin\extnet.dll
0x00007ff9c2ee0000 - 0x00007ff9c2eee000 	C:\Users\krims_k45\.jdks\openjdk-23.0.2\bin\sunmscapi.dll
0x00007ff9f0a70000 - 0x00007ff9f0bd6000 	C:\Windows\System32\CRYPT32.dll
0x00007ff9f0230000 - 0x00007ff9f025d000 	C:\Windows\SYSTEM32\ncrypt.dll
0x00007ff9f01f0000 - 0x00007ff9f0227000 	C:\Windows\SYSTEM32\NTASN1.dll
0x00007ff9f0090000 - 0x00007ff9f00ab000 	C:\Windows\SYSTEM32\CRYPTSP.dll
0x00007ff9ef920000 - 0x00007ff9ef955000 	C:\Windows\system32\rsaenh.dll
0x00007ff9eff30000 - 0x00007ff9eff58000 	C:\Windows\SYSTEM32\USERENV.dll
0x00007ff9f00b0000 - 0x00007ff9f00bc000 	C:\Windows\SYSTEM32\CRYPTBASE.dll
0x00007ff9ef440000 - 0x00007ff9ef46d000 	C:\Windows\SYSTEM32\IPHLPAPI.DLL
0x00007ff9f2150000 - 0x00007ff9f2159000 	C:\Windows\System32\NSI.dll
0x00007ff9c2fc0000 - 0x00007ff9c2fca000 	C:\Users\krims_k45\.jdks\openjdk-23.0.2\bin\management.dll
0x00007ff9c2f80000 - 0x00007ff9c2f8b000 	C:\Users\krims_k45\.jdks\openjdk-23.0.2\bin\management_ext.dll
0x00007ff9f18d0000 - 0x00007ff9f18d8000 	C:\Windows\System32\PSAPI.DLL
0x00007ff9b5e10000 - 0x00007ff9b5e18000 	C:\Windows\system32\wshunix.dll

dbghelp: loaded successfully - version: 4.0.5 - missing functions: none
symbol engine: initialized successfully - sym options: 0x614 - pdb path: .;C:\Users\krims_k45\.jdks\openjdk-23.0.2\bin;C:\Windows\SYSTEM32;C:\Windows\WinSxS\amd64_microsoft.windows.common-controls_6595b64144ccf1df_6.0.22621.4830_none_270fe7d773858e80;C:\Users\krims_k45\.jdks\openjdk-23.0.2\bin\server;C:\Program Files\JetBrains\IntelliJ IDEA Community Edition 2024.1.5\bin

VM Arguments:
jvm_args: -javaagent:C:\Program Files\JetBrains\IntelliJ IDEA Community Edition 2024.1.5\lib\idea_rt.jar=54700:C:\Program Files\JetBrains\IntelliJ IDEA Community Edition 2024.1.5\bin -Dfile.encoding=UTF-8 -Dsun.stdout.encoding=UTF-8 -Dsun.stderr.encoding=UTF-8 
java_command: vn.scrip.middle_giuakhoa.MiddleGiuakhoaApplication
java_class_path (initial): C:\Users\krims_k45\javascrip\middle-giuakhoa\middle-giuakhoa\target\classes;C:\Users\krims_k45\.m2\repository\org\springframework\boot\spring-boot-starter-web\3.4.3\spring-boot-starter-web-3.4.3.jar;C:\Users\krims_k45\.m2\repository\org\springframework\boot\spring-boot-starter\3.4.3\spring-boot-starter-3.4.3.jar;C:\Users\krims_k45\.m2\repository\org\springframework\boot\spring-boot\3.4.3\spring-boot-3.4.3.jar;C:\Users\krims_k45\.m2\repository\org\springframework\boot\spring-boot-autoconfigure\3.4.3\spring-boot-autoconfigure-3.4.3.jar;C:\Users\krims_k45\.m2\repository\org\springframework\boot\spring-boot-starter-logging\3.4.3\spring-boot-starter-logging-3.4.3.jar;C:\Users\krims_k45\.m2\repository\ch\qos\logback\logback-classic\1.5.16\logback-classic-1.5.16.jar;C:\Users\krims_k45\.m2\repository\ch\qos\logback\logback-core\1.5.16\logback-core-1.5.16.jar;C:\Users\krims_k45\.m2\repository\org\apache\logging\log4j\log4j-to-slf4j\2.24.3\log4j-to-slf4j-2.24.3.jar;C:\Users\krims_k45\.m2\repository\org\apache\logging\log4j\log4j-api\2.24.3\log4j-api-2.24.3.jar;C:\Users\krims_k45\.m2\repository\org\slf4j\jul-to-slf4j\2.0.16\jul-to-slf4j-2.0.16.jar;C:\Users\krims_k45\.m2\repository\org\yaml\snakeyaml\2.3\snakeyaml-2.3.jar;C:\Users\krims_k45\.m2\repository\org\springframework\boot\spring-boot-starter-json\3.4.3\spring-boot-starter-json-3.4.3.jar;C:\Users\krims_k45\.m2\repository\com\fasterxml\jackson\datatype\jackson-datatype-jdk8\2.18.2\jackson-datatype-jdk8-2.18.2.jar;C:\Users\krims_k45\.m2\repository\com\fasterxml\jackson\datatype\jackson-datatype-jsr310\2.18.2\jackson-datatype-jsr310-2.18.2.jar;C:\Users\krims_k45\.m2\repository\com\fasterxml\jackson\module\jackson-module-parameter-names\2.18.2\jackson-module-parameter-names-2.18.2.jar;C:\Users\krims_k45\.m2\repository\org\springframework\boot\spring-boot-starter-tomcat\3.4.3\spring-boot-starter-tomcat-3.4.3.jar;C:\Users\krims_k45\.m2\repository\org\apache\tomcat\embed\tomcat-embed-core\10.1.36\tomcat-embed-core-10.1.36.jar;C:\Users\krims_k45\.m2\repository\org\apache\tomcat\embed\tomcat-embed-el\10.1.36\tomcat-embed-el-10.1.36.jar;C:\Users\krims_k45\.m2\repository\org\apache\tomcat\embed\tomcat-embed-websocket\10.1.36\tomcat-embed-websocket-10.1.36.jar;C:\Users\krims_k45\.m2\repository\org\springframework\spring-web\6.2.3\spring-web-6.2.3.jar;C:\Users\krims_k45\.m2\repository\org\springframework\spring-beans\6.2.3\spring-beans-6.2.3.jar;C:\Users\krims_k45\.m2\repository\io\micrometer\micrometer-observation\1.14.4\micrometer-observation-1.14.4.jar;C:\Users\krims_k45\.m2\repository\io\micrometer\micrometer-commons\1.14.4\micrometer-commons-1.14.4.jar;C:\Users\krims_k45\.m2\repository\org\springframework\spring-webmvc\6.2.3\spring-webmvc-6.2.3.jar;C:\Users\krims_k45\.m2\repository\org\springframework\spring-aop\6.2.3\spring-aop-6.2.3.jar;C:\Users\krims_k45\.m2\repository\org\springframework\spring-context\6.2.3\spring-context-6.2.3.jar;C:\Users\krims_k45\.m2\repository\org\springframework\spring-expression\6.2.3\spring-expression-6.2.3.jar;C:\Users\krims_k45\.m2\repository\org\slf4j\slf4j-api\2.0.16\slf4j-api-2.0.16.jar;C:\Users\krims_k45\.m2\repository\org\springframework\spring-core\6.2.3\spring-core-6.2.3.jar;C:\Users\krims_k45\.m2\repository\org\springframework\spring-jcl\6.2.3\spring-jcl-6.2.3.jar;C:\Users\krims_k45\.m2\repository\jakarta\annotation\jakarta.annotation-api\2.1.1\jakarta.annotation-api-2.1.1.jar;C:\Users\krims_k45\.m2\repository\com\fasterxml\jackson\core\jackson-databind\2.16.1\jackson-databind-2.16.1.jar;C:\Users\krims_k45\.m2\repository\com\fasterxml\jackson\core\jackson-core\2.16.1\jackson-core-2.16.1.jar;C:\Users\krims_k45\.m2\repository\com\fasterxml\jackson\core\jackson-annotations\2.16.1\jackson-annotations-2.16.1.jar
Launcher Type: SUN_STANDARD

[Global flags]
     intx CICompilerCount                          = 12                                        {product} {ergonomic}
     uint ConcGCThreads                            = 3                                         {product} {ergonomic}
     uint G1ConcRefinementThreads                  = 13                                        {product} {ergonomic}
   size_t G1HeapRegionSize                         = 1048576                                   {product} {ergonomic}
   size_t InitialHeapSize                          = 130023424                                 {product} {ergonomic}
   size_t MarkStackSize                            = 4194304                                   {product} {ergonomic}
   size_t MarkStackSizeMax                         = 536870912                                 {product} {ergonomic}
   size_t MaxHeapSize                              = 2061500416                                {product} {ergonomic}
   size_t MaxNewSize                               = 1236271104                                {product} {ergonomic}
   size_t MinHeapDeltaBytes                        = 1048576                                   {product} {ergonomic}
   size_t MinHeapSize                              = 8388608                                   {product} {ergonomic}
    uintx NonNMethodCodeHeapSize                   = 7602176                                {pd product} {ergonomic}
    uintx NonProfiledCodeHeapSize                  = 122093568                              {pd product} {ergonomic}
    uintx ProfiledCodeHeapSize                     = 121962496                              {pd product} {ergonomic}
    uintx ReservedCodeCacheSize                    = 251658240                              {pd product} {ergonomic}
     bool SegmentedCodeCache                       = true                                      {product} {ergonomic}
   size_t SoftMaxHeapSize                          = 2061500416                             {manageable} {ergonomic}
     bool UseCompressedOops                        = true                           {product lp64_product} {ergonomic}
     bool UseG1GC                                  = true                                      {product} {ergonomic}
     bool UseLargePagesIndividualAllocation        = false                                  {pd product} {ergonomic}

Logging:
Log output configuration:
 #0: stdout all=warning uptime,level,tags foldmultilines=false
 #1: stderr all=off uptime,level,tags foldmultilines=false

Environment Variables:
JAVA_HOME=C:\Program Files\Microsoft\jdk-21.0.6.7-hotspot\
PATH=C:\Program Files\Microsoft\jdk-21.0.6.7-hotspot\bin;C:\Program Files\Common Files\Oracle\Java\javapath;C:\Program Files (x86)\Common Files\Oracle\Java\javapath;C:\Windows\system32;C:\Windows;C:\Windows\System32\Wbem;C:\Windows\System32\WindowsPowerShell\v1.0\;C:\Windows\System32\OpenSSH\;C:\Program Files\Microsoft\Web Platform Installer\;C:\Program Files (x86)\Microsoft ASP.NET\ASP.NET Web Pages\v1.0\;C:\Program Files (x86)\Windows Kits\8.0\Windows Performance Toolkit\;C:\Program Files\Microsoft SQL Server\110\Tools\Binn\;C:\Program Files (x86)\Microsoft SQL Server\160\Tools\Binn\;C:\Program Files\Microsoft SQL Server\160\Tools\Binn\;C:\Program Files\Microsoft SQL Server\Client SDK\ODBC\170\Tools\Binn\;C:\Program Files\Microsoft SQL Server\160\DTS\Binn\;C:\Program Files\Azure Data Studio\bin;C:\Program Files\dotnet\;C:\Program Files (x86)\Microsoft SQL Server\160\DTS\Binn\;C:\Program Files\Git\cmd;C:\Program Files\Microsoft SQL Server\150\Tools\Binn\;C:\Program Files\nodejs\;C:\Program Files\Go\bin;C:\Users\krims_k45\flutter\bin;C:\Users\krims_k45\Downloads\apache-maven-3.9.9-bin\apache-maven-3.9.9\bin;C:\Users\krims_k45\Downloads\flutter_windows_3.27.1-stable.zip\flutter\bin;C:\Program Files\MySQL\MySQL Shell 8.0\bin\;C:\Users\krims_k45\AppData\Local\Programs\Python\Python311\Scripts\;C:\Users\krims_k45\AppData\Local\Programs\Python\Python311\;C:\Users\krims_k45\AppData\Local\Microsoft\WindowsApps;C:\Users\krims_k45\AppData\Local\Programs\Microsoft VS Code\bin;C:\Program Files\Azure Data Studio\bin;C:\Users\krims_k45\.dotnet\tools;C:\ProgramData\krims_k45\GitHubDesktop\bin;C:\Users\krims_k45\AppData\Local\GitHubDesktop\bin;C:\Users\krims_k45\AppData\Local\Microsoft\WinGet\Packages\Schniz.fnm_Microsoft.Winget.Source_8wekyb3d8bbwe;C:\Users\krims_k45\AppData\Roaming\npm;C:\Users\krims_k45\go\bin;C:\Users\krims_k45\flutter\bin;C:\Program Files\JetBrains\IntelliJ IDEA Community Edition 2024.1.5\bin;;D:\JetBrains\IntelliJ IDEA 2021.1.3\bin;;
USERNAME=krims_k45
OS=Windows_NT
PROCESSOR_IDENTIFIER=Intel64 Family 6 Model 154 Stepping 3, GenuineIntel
TMP=C:\Users\KRIMS_~1\AppData\Local\Temp
TEMP=C:\Users\KRIMS_~1\AppData\Local\Temp




Periodic native trim disabled

---------------  S Y S T E M  ---------------

OS:
 Windows 11 , 64 bit Build 22621 (10.0.22621.4830)
OS uptime: 0 days 15:58 hours

CPU: total 16 (initial active 16) (8 cores per cpu, 2 threads per core) family 6 model 154 stepping 3 microcode 0x42c, cx8, cmov, fxsr, ht, mmx, 3dnowpref, sse, sse2, sse3, ssse3, sse4.1, sse4.2, popcnt, lzcnt, tsc, tscinvbit, avx, avx2, aes, erms, clmul, bmi1, bmi2, adx, sha, fma, vzeroupper, clflush, clflushopt, clwb, serialize, rdtscp, rdpid, fsrm, gfni, f16c, pku, cet_ibt, cet_ss
Processor Information for processor 0
  Max Mhz: 1700, Current Mhz: 1457, Mhz Limit: 1700
Processor Information for processor 1
  Max Mhz: 1700, Current Mhz: 1700, Mhz Limit: 1700
Processor Information for processor 2
  Max Mhz: 1700, Current Mhz: 1457, Mhz Limit: 1700
Processor Information for processor 3
  Max Mhz: 1700, Current Mhz: 1700, Mhz Limit: 1700
Processor Information for processor 4
  Max Mhz: 1700, Current Mhz: 1700, Mhz Limit: 1700
Processor Information for processor 5
  Max Mhz: 1700, Current Mhz: 1700, Mhz Limit: 1700
Processor Information for processor 6
  Max Mhz: 1700, Current Mhz: 1700, Mhz Limit: 1700
Processor Information for processor 7
  Max Mhz: 1700, Current Mhz: 1700, Mhz Limit: 1700
Processor Information for processor 8
  Max Mhz: 1700, Current Mhz: 1200, Mhz Limit: 1190
Processor Information for processor 9
  Max Mhz: 1700, Current Mhz: 1200, Mhz Limit: 1190
Processor Information for processor 10
  Max Mhz: 1700, Current Mhz: 1200, Mhz Limit: 1190
Processor Information for processor 11
  Max Mhz: 1700, Current Mhz: 1200, Mhz Limit: 1190
Processor Information for processor 12
  Max Mhz: 1700, Current Mhz: 1200, Mhz Limit: 1190
Processor Information for processor 13
  Max Mhz: 1700, Current Mhz: 1200, Mhz Limit: 1190
Processor Information for processor 14
  Max Mhz: 1700, Current Mhz: 1200, Mhz Limit: 1190
Processor Information for processor 15
  Max Mhz: 1700, Current Mhz: 1200, Mhz Limit: 1190

Memory: 4k page, system-wide physical 7860M (588M free)
TotalPageFile size 13658M (AvailPageFile size 19M)
current process WorkingSet (physical memory assigned to process): 163M, peak: 179M
current process commit charge ("private bytes"): 216M, peak: 286M

vm_info: OpenJDK 64-Bit Server VM (23.0.2+7-58) for windows-amd64 JRE (23.0.2+7-58), built on 2024-11-29T09:34:55Z with MS VC++ 17.6 (VS2022)

END.
