#
# There is insufficient memory for the Java Runtime Environment to continue.
# Native memory allocation (malloc) failed to allocate 231856 bytes. Error detail: Chunk::new
# Possible reasons:
#   The system is out of physical RAM or swap space
#   This process is running with CompressedOops enabled, and the Java Heap may be blocking the growth of the native heap
# Possible solutions:
#   Reduce memory load on the system
#   Increase physical memory or swap space
#   Check if swap backing store is full
#   Decrease Java heap size (-Xmx/-Xms)
#   Decrease number of Java threads
#   Decrease Java thread stack sizes (-Xss)
#   Set larger code cache with -XX:ReservedCodeCacheSize=
#   JVM is running with Unscaled Compressed Oops mode in which the Java heap is
#     placed in the first 4GB address space. The Java Heap base address is the
#     maximum limit for the native heap growth. Please use -XX:HeapBaseMinAddress
#     to set the Java Heap base and to place the Java Heap above 4GB virtual address.
# This output file may be truncated or incomplete.
#
#  Out of Memory Error (arena.cpp:149), pid=9292, tid=15780
#
# JRE version: OpenJDK Runtime Environment (23.0.2+7) (build 23.0.2+7-58)
# Java VM: OpenJDK 64-Bit Server VM (23.0.2+7-58, mixed mode, sharing, tiered, compressed oops, compressed class ptrs, g1 gc, windows-amd64)
# No core dump will be written. Minidumps are not enabled by default on client versions of Windows
#

---------------  S U M M A R Y ------------

Command Line: -javaagent:C:\Program Files\JetBrains\IntelliJ IDEA Community Edition 2024.1.5\lib\idea_rt.jar=55206:C:\Program Files\JetBrains\IntelliJ IDEA Community Edition 2024.1.5\bin -Dfile.encoding=UTF-8 -Dsun.stdout.encoding=UTF-8 -Dsun.stderr.encoding=UTF-8 vn.scrip.middle_giuakhoa.MiddleGiuakhoaApplication

Host: 12th Gen Intel(R) Core(TM) i5-1240P, 16 cores, 7G,  Windows 11 , 64 bit Build 22621 (10.0.22621.4830)
Time: Sun Mar  9 14:40:35 2025 SE Asia Standard Time elapsed time: 1.168312 seconds (0d 0h 0m 1s)

---------------  T H R E A D  ---------------

Current thread (0x0000021e583f49f0):  JavaThread "C2 CompilerThread2" daemon [_thread_in_native, id=15780, stack(0x000000485d100000,0x000000485d200000) (1024K)]


Current CompileTask:
C2:1168 2553       4       java.lang.invoke.MethodType::methodType (69 bytes)

Stack: [0x000000485d100000,0x000000485d200000]
Native frames: (J=compiled Java code, j=interpreted, Vv=VM code, C=native code)
V  [jvm.dll+0x6e0b99]  (no source info available)
V  [jvm.dll+0x87e2b3]  (no source info available)
V  [jvm.dll+0x88073e]  (no source info available)
V  [jvm.dll+0x880e13]  (no source info available)
V  [jvm.dll+0x27b006]  (no source info available)
V  [jvm.dll+0xbc06f]  (no source info available)
V  [jvm.dll+0xbc2cb]  (no source info available)
V  [jvm.dll+0x5e7cfa]  (no source info available)
V  [jvm.dll+0x38a58a]  (no source info available)
V  [jvm.dll+0x3899ca]  (no source info available)
V  [jvm.dll+0x244ba1]  (no source info available)
V  [jvm.dll+0x243eff]  (no source info available)
V  [jvm.dll+0x1c34b0]  (no source info available)
V  [jvm.dll+0x253df1]  (no source info available)
V  [jvm.dll+0x2520aa]  (no source info available)
V  [jvm.dll+0x3ee226]  (no source info available)
V  [jvm.dll+0x8254cb]  (no source info available)
V  [jvm.dll+0x6df345]  (no source info available)
C  [ucrtbase.dll+0x29333]  (no source info available)
C  [KERNEL32.DLL+0x1259d]  (no source info available)
C  [ntdll.dll+0x5af38]  (no source info available)

Lock stack of current Java thread (top to bottom):


---------------  P R O C E S S  ---------------

Threads class SMR info:
_java_thread_list=0x0000021e5a0e8ca0, length=20, elements={
0x0000021e7273b500, 0x0000021e7f10f720, 0x0000021e7f110440, 0x0000021e7f1113d0,
0x0000021e7f112f70, 0x0000021e7f115b20, 0x0000021e7f1166b0, 0x0000021e7f1223b0,
0x0000021e7f129900, 0x0000021e7f13e870, 0x0000021e581277d0, 0x0000021e58136730,
0x0000021e58239e50, 0x0000021e583f49f0, 0x0000021e584cf680, 0x0000021e584d0d00,
0x0000021e59274370, 0x0000021e59834f00, 0x0000021e5a1ec490, 0x0000021e5a38ae00
}

Java Threads: ( => current thread )
  0x0000021e7273b500 JavaThread "main"                              [_thread_blocked, id=13316, stack(0x000000485bd00000,0x000000485be00000) (1024K)]
  0x0000021e7f10f720 JavaThread "Reference Handler"          daemon [_thread_blocked, id=16376, stack(0x000000485c500000,0x000000485c600000) (1024K)]
  0x0000021e7f110440 JavaThread "Finalizer"                  daemon [_thread_blocked, id=15184, stack(0x000000485c600000,0x000000485c700000) (1024K)]
  0x0000021e7f1113d0 JavaThread "Signal Dispatcher"          daemon [_thread_blocked, id=8772, stack(0x000000485c700000,0x000000485c800000) (1024K)]
  0x0000021e7f112f70 JavaThread "Attach Listener"            daemon [_thread_blocked, id=22492, stack(0x000000485c800000,0x000000485c900000) (1024K)]
  0x0000021e7f115b20 JavaThread "Service Thread"             daemon [_thread_blocked, id=13116, stack(0x000000485c900000,0x000000485ca00000) (1024K)]
  0x0000021e7f1166b0 JavaThread "Monitor Deflation Thread"   daemon [_thread_blocked, id=8108, stack(0x000000485ca00000,0x000000485cb00000) (1024K)]
  0x0000021e7f1223b0 JavaThread "C2 CompilerThread0"         daemon [_thread_in_native, id=12148, stack(0x000000485cb00000,0x000000485cc00000) (1024K)]
  0x0000021e7f129900 JavaThread "C1 CompilerThread0"         daemon [_thread_blocked, id=2908, stack(0x000000485cc00000,0x000000485cd00000) (1024K)]
  0x0000021e7f13e870 JavaThread "C1 CompilerThread1"         daemon [_thread_blocked, id=5612, stack(0x000000485cd00000,0x000000485ce00000) (1024K)]
  0x0000021e581277d0 JavaThread "Common-Cleaner"             daemon [_thread_blocked, id=11992, stack(0x000000485ce00000,0x000000485cf00000) (1024K)]
  0x0000021e58136730 JavaThread "C2 CompilerThread1"         daemon [_thread_in_native, id=8524, stack(0x000000485cf00000,0x000000485d000000) (1024K)]
  0x0000021e58239e50 JavaThread "C1 CompilerThread2"         daemon [_thread_blocked, id=17440, stack(0x000000485d000000,0x000000485d100000) (1024K)]
=>0x0000021e583f49f0 JavaThread "C2 CompilerThread2"         daemon [_thread_in_native, id=15780, stack(0x000000485d100000,0x000000485d200000) (1024K)]
  0x0000021e584cf680 JavaThread "Monitor Ctrl-Break"         daemon [_thread_in_native, id=5208, stack(0x000000485d200000,0x000000485d300000) (1024K)]
  0x0000021e584d0d00 JavaThread "Notification Thread"        daemon [_thread_blocked, id=7144, stack(0x000000485d300000,0x000000485d400000) (1024K)]
  0x0000021e59274370 JavaThread "C1 CompilerThread3"         daemon [_thread_in_native, id=13840, stack(0x000000485db00000,0x000000485dc00000) (1024K)]
  0x0000021e59834f00 JavaThread "C2 CompilerThread3"         daemon [_thread_in_native, id=20540, stack(0x000000485da00000,0x000000485db00000) (1024K)]
  0x0000021e5a1ec490 JavaThread "Thread-0"                          [_thread_in_vm, id=13868, stack(0x000000485e100000,0x000000485e200000) (1024K)]
  0x0000021e5a38ae00 JavaThread "C2 CompilerThread4"         daemon [_thread_in_native, id=16696, stack(0x000000485e200000,0x000000485e300000) (1024K)]
Total: 20

Other Threads:
  0x0000021e7f0f6610 VMThread "VM Thread"                           [id=11428, stack(0x000000485c400000,0x000000485c500000) (1024K)]
  0x0000021e7f0e49f0 WatcherThread "VM Periodic Task Thread"        [id=21760, stack(0x000000485c300000,0x000000485c400000) (1024K)]
  0x0000021e74a9a670 WorkerThread "GC Thread#0"                     [id=9360, stack(0x000000485be00000,0x000000485bf00000) (1024K)]
  0x0000021e58f9c350 WorkerThread "GC Thread#1"                     [id=15260, stack(0x000000485d400000,0x000000485d500000) (1024K)]
  0x0000021e58e843b0 WorkerThread "GC Thread#2"                     [id=18308, stack(0x000000485d500000,0x000000485d600000) (1024K)]
  0x0000021e58e6b320 WorkerThread "GC Thread#3"                     [id=20264, stack(0x000000485d600000,0x000000485d700000) (1024K)]
  0x0000021e58e6bee0 WorkerThread "GC Thread#4"                     [id=9312, stack(0x000000485d700000,0x000000485d800000) (1024K)]
  0x0000021e58e6c290 WorkerThread "GC Thread#5"                     [id=21204, stack(0x000000485d800000,0x000000485d900000) (1024K)]
  0x0000021e58e6d650 WorkerThread "GC Thread#6"                     [id=2896, stack(0x000000485d900000,0x000000485da00000) (1024K)]
  0x0000021e58ef5450 WorkerThread "GC Thread#7"                     [id=6688, stack(0x000000485dc00000,0x000000485dd00000) (1024K)]
  0x0000021e58ef5800 WorkerThread "GC Thread#8"                     [id=23700, stack(0x000000485dd00000,0x000000485de00000) (1024K)]
  0x0000021e58ef5f60 WorkerThread "GC Thread#9"                     [id=4360, stack(0x000000485de00000,0x000000485df00000) (1024K)]
  0x0000021e593c3540 WorkerThread "GC Thread#10"                    [id=18548, stack(0x000000485df00000,0x000000485e000000) (1024K)]
  0x0000021e593c4b60 WorkerThread "GC Thread#11"                    [id=24004, stack(0x000000485e000000,0x000000485e100000) (1024K)]
  0x0000021e74aae8f0 ConcurrentGCThread "G1 Main Marker"            [id=20256, stack(0x000000485bf00000,0x000000485c000000) (1024K)]
  0x0000021e74aaf300 WorkerThread "G1 Conc#0"                       [id=15724, stack(0x000000485c000000,0x000000485c100000) (1024K)]
  0x0000021e7efbbdc0 ConcurrentGCThread "G1 Refine#0"               [id=11612, stack(0x000000485c100000,0x000000485c200000) (1024K)]
  0x0000021e7efbc840 ConcurrentGCThread "G1 Service"                [id=23592, stack(0x000000485c200000,0x000000485c300000) (1024K)]
Total: 18

Threads with active compile tasks:
C2 CompilerThread0  1202 2462       4       java.lang.invoke.MethodType::makeImpl (109 bytes)
C2 CompilerThread1  1202 2656       4       java.util.Properties::loadConvert (540 bytes)
C2 CompilerThread2  1202 2553       4       java.lang.invoke.MethodType::methodType (69 bytes)
C1 CompilerThread3  1202 2682       3       org.springframework.util.StringUtils::delimitedListToStringArray (164 bytes)
C2 CompilerThread3  1202 2660   !   4       java.util.concurrent.ConcurrentHashMap::putVal (432 bytes)
C2 CompilerThread4  1202 2676       4       java.util.zip.ZipFile$Source::getEntryPos (164 bytes)
Total: 6

VM state: not at safepoint (normal execution)

VM Mutex/Monitor currently owned by a thread: None

Heap address: 0x0000000085200000, size: 1966 MB, Compressed Oops mode: 32-bit

CDS archive(s) mapped at: [0x0000021e13000000-0x0000021e13d70000-0x0000021e13d70000), size 14090240, SharedBaseAddress: 0x0000021e13000000, ArchiveRelocationMode: 1.
Compressed class space mapped at: 0x0000021e14000000-0x0000021e54000000, reserved size: 1073741824
Narrow klass base: 0x0000021e13000000, Narrow klass shift: 0, Narrow klass range: 0x41000000

GC Precious Log:
 CardTable entry size: 512
 Card Set container configuration: InlinePtr #cards 5 size 8 Array Of Cards #cards 10 size 36 Howl #buckets 4 coarsen threshold 1843 Howl Bitmap #cards 512 size 80 coarsen threshold 460 Card regions per heap region 1 cards per card region 2048
 CPUs: 16 total, 16 available
 Memory: 7860M
 Large Page Support: Disabled
 NUMA Support: Disabled
 Compressed Oops: Enabled (32-bit)
 Heap Region Size: 1M
 Heap Min Capacity: 8M
 Heap Initial Capacity: 124M
 Heap Max Capacity: 1966M
 Pre-touch: Disabled
 Parallel Workers: 13
 Concurrent Workers: 3
 Concurrent Refinement Workers: 13
 Periodic GC: Disabled

Heap:
 garbage-first heap   total reserved 2013184K, committed 126976K, used 23216K [0x0000000085200000, 0x0000000100000000)
  region size 1024K, 20 young (20480K), 2 survivors (2048K)
 Metaspace       used 17730K, committed 18048K, reserved 1114112K
  class space    used 2232K, committed 2368K, reserved 1048576K

Heap Regions: E=young(eden), S=young(survivor), O=old, HS=humongous(starts), HC=humongous(continues), CS=collection set, F=free, TAMS=top-at-mark-start, PB=parsable bottom
|   0|0x0000000085200000, 0x0000000085300000, 0x0000000085300000|100%| O|  |TAMS 0x0000000085200000| PB 0x0000000085200000| Untracked |  0
|   1|0x0000000085300000, 0x0000000085400000, 0x0000000085400000|100%| O|  |TAMS 0x0000000085300000| PB 0x0000000085300000| Untracked |  0
|   2|0x0000000085400000, 0x0000000085500000, 0x0000000085500000|100%| O|  |TAMS 0x0000000085400000| PB 0x0000000085400000| Untracked |  0
|   3|0x0000000085500000, 0x0000000085600000, 0x0000000085600000|100%| O|  |TAMS 0x0000000085500000| PB 0x0000000085500000| Untracked |  0
|   4|0x0000000085600000, 0x00000000856cb0e0, 0x0000000085700000| 79%| O|  |TAMS 0x0000000085600000| PB 0x0000000085600000| Untracked |  0
|   5|0x0000000085700000, 0x0000000085700000, 0x0000000085800000|  0%| F|  |TAMS 0x0000000085700000| PB 0x0000000085700000| Untracked |  0
|   6|0x0000000085800000, 0x0000000085800000, 0x0000000085900000|  0%| F|  |TAMS 0x0000000085800000| PB 0x0000000085800000| Untracked |  0
|   7|0x0000000085900000, 0x0000000085900000, 0x0000000085a00000|  0%| F|  |TAMS 0x0000000085900000| PB 0x0000000085900000| Untracked |  0
|   8|0x0000000085a00000, 0x0000000085a00000, 0x0000000085b00000|  0%| F|  |TAMS 0x0000000085a00000| PB 0x0000000085a00000| Untracked |  0
|   9|0x0000000085b00000, 0x0000000085b00000, 0x0000000085c00000|  0%| F|  |TAMS 0x0000000085b00000| PB 0x0000000085b00000| Untracked |  0
|  10|0x0000000085c00000, 0x0000000085c00000, 0x0000000085d00000|  0%| F|  |TAMS 0x0000000085c00000| PB 0x0000000085c00000| Untracked |  0
|  11|0x0000000085d00000, 0x0000000085d00000, 0x0000000085e00000|  0%| F|  |TAMS 0x0000000085d00000| PB 0x0000000085d00000| Untracked |  0
|  12|0x0000000085e00000, 0x0000000085e00000, 0x0000000085f00000|  0%| F|  |TAMS 0x0000000085e00000| PB 0x0000000085e00000| Untracked |  0
|  13|0x0000000085f00000, 0x0000000085f00000, 0x0000000086000000|  0%| F|  |TAMS 0x0000000085f00000| PB 0x0000000085f00000| Untracked |  0
|  14|0x0000000086000000, 0x0000000086000000, 0x0000000086100000|  0%| F|  |TAMS 0x0000000086000000| PB 0x0000000086000000| Untracked |  0
|  15|0x0000000086100000, 0x0000000086100000, 0x0000000086200000|  0%| F|  |TAMS 0x0000000086100000| PB 0x0000000086100000| Untracked |  0
|  16|0x0000000086200000, 0x0000000086200000, 0x0000000086300000|  0%| F|  |TAMS 0x0000000086200000| PB 0x0000000086200000| Untracked |  0
|  17|0x0000000086300000, 0x0000000086300000, 0x0000000086400000|  0%| F|  |TAMS 0x0000000086300000| PB 0x0000000086300000| Untracked |  0
|  18|0x0000000086400000, 0x0000000086400000, 0x0000000086500000|  0%| F|  |TAMS 0x0000000086400000| PB 0x0000000086400000| Untracked |  0
|  19|0x0000000086500000, 0x0000000086500000, 0x0000000086600000|  0%| F|  |TAMS 0x0000000086500000| PB 0x0000000086500000| Untracked |  0
|  20|0x0000000086600000, 0x0000000086600000, 0x0000000086700000|  0%| F|  |TAMS 0x0000000086600000| PB 0x0000000086600000| Untracked |  0
|  21|0x0000000086700000, 0x0000000086700000, 0x0000000086800000|  0%| F|  |TAMS 0x0000000086700000| PB 0x0000000086700000| Untracked |  0
|  22|0x0000000086800000, 0x0000000086800000, 0x0000000086900000|  0%| F|  |TAMS 0x0000000086800000| PB 0x0000000086800000| Untracked |  0
|  23|0x0000000086900000, 0x0000000086900000, 0x0000000086a00000|  0%| F|  |TAMS 0x0000000086900000| PB 0x0000000086900000| Untracked |  0
|  24|0x0000000086a00000, 0x0000000086a00000, 0x0000000086b00000|  0%| F|  |TAMS 0x0000000086a00000| PB 0x0000000086a00000| Untracked |  0
|  25|0x0000000086b00000, 0x0000000086b00000, 0x0000000086c00000|  0%| F|  |TAMS 0x0000000086b00000| PB 0x0000000086b00000| Untracked |  0
|  26|0x0000000086c00000, 0x0000000086c00000, 0x0000000086d00000|  0%| F|  |TAMS 0x0000000086c00000| PB 0x0000000086c00000| Untracked |  0
|  27|0x0000000086d00000, 0x0000000086d00000, 0x0000000086e00000|  0%| F|  |TAMS 0x0000000086d00000| PB 0x0000000086d00000| Untracked |  0
|  28|0x0000000086e00000, 0x0000000086e00000, 0x0000000086f00000|  0%| F|  |TAMS 0x0000000086e00000| PB 0x0000000086e00000| Untracked |  0
|  29|0x0000000086f00000, 0x0000000086f00000, 0x0000000087000000|  0%| F|  |TAMS 0x0000000086f00000| PB 0x0000000086f00000| Untracked |  0
|  30|0x0000000087000000, 0x0000000087000000, 0x0000000087100000|  0%| F|  |TAMS 0x0000000087000000| PB 0x0000000087000000| Untracked |  0
|  31|0x0000000087100000, 0x0000000087100000, 0x0000000087200000|  0%| F|  |TAMS 0x0000000087100000| PB 0x0000000087100000| Untracked |  0
|  32|0x0000000087200000, 0x0000000087200000, 0x0000000087300000|  0%| F|  |TAMS 0x0000000087200000| PB 0x0000000087200000| Untracked |  0
|  33|0x0000000087300000, 0x0000000087300000, 0x0000000087400000|  0%| F|  |TAMS 0x0000000087300000| PB 0x0000000087300000| Untracked |  0
|  34|0x0000000087400000, 0x0000000087400000, 0x0000000087500000|  0%| F|  |TAMS 0x0000000087400000| PB 0x0000000087400000| Untracked |  0
|  35|0x0000000087500000, 0x0000000087500000, 0x0000000087600000|  0%| F|  |TAMS 0x0000000087500000| PB 0x0000000087500000| Untracked |  0
|  36|0x0000000087600000, 0x0000000087600000, 0x0000000087700000|  0%| F|  |TAMS 0x0000000087600000| PB 0x0000000087600000| Untracked |  0
|  37|0x0000000087700000, 0x0000000087700000, 0x0000000087800000|  0%| F|  |TAMS 0x0000000087700000| PB 0x0000000087700000| Untracked |  0
|  38|0x0000000087800000, 0x0000000087800000, 0x0000000087900000|  0%| F|  |TAMS 0x0000000087800000| PB 0x0000000087800000| Untracked |  0
|  39|0x0000000087900000, 0x0000000087900000, 0x0000000087a00000|  0%| F|  |TAMS 0x0000000087900000| PB 0x0000000087900000| Untracked |  0
|  40|0x0000000087a00000, 0x0000000087a00000, 0x0000000087b00000|  0%| F|  |TAMS 0x0000000087a00000| PB 0x0000000087a00000| Untracked |  0
|  41|0x0000000087b00000, 0x0000000087b00000, 0x0000000087c00000|  0%| F|  |TAMS 0x0000000087b00000| PB 0x0000000087b00000| Untracked |  0
|  42|0x0000000087c00000, 0x0000000087c00000, 0x0000000087d00000|  0%| F|  |TAMS 0x0000000087c00000| PB 0x0000000087c00000| Untracked |  0
|  43|0x0000000087d00000, 0x0000000087d00000, 0x0000000087e00000|  0%| F|  |TAMS 0x0000000087d00000| PB 0x0000000087d00000| Untracked |  0
|  44|0x0000000087e00000, 0x0000000087e00000, 0x0000000087f00000|  0%| F|  |TAMS 0x0000000087e00000| PB 0x0000000087e00000| Untracked |  0
|  45|0x0000000087f00000, 0x0000000087f00000, 0x0000000088000000|  0%| F|  |TAMS 0x0000000087f00000| PB 0x0000000087f00000| Untracked |  0
|  46|0x0000000088000000, 0x0000000088000000, 0x0000000088100000|  0%| F|  |TAMS 0x0000000088000000| PB 0x0000000088000000| Untracked |  0
|  47|0x0000000088100000, 0x0000000088100000, 0x0000000088200000|  0%| F|  |TAMS 0x0000000088100000| PB 0x0000000088100000| Untracked |  0
|  48|0x0000000088200000, 0x0000000088200000, 0x0000000088300000|  0%| F|  |TAMS 0x0000000088200000| PB 0x0000000088200000| Untracked |  0
|  49|0x0000000088300000, 0x0000000088300000, 0x0000000088400000|  0%| F|  |TAMS 0x0000000088300000| PB 0x0000000088300000| Untracked |  0
|  50|0x0000000088400000, 0x0000000088400000, 0x0000000088500000|  0%| F|  |TAMS 0x0000000088400000| PB 0x0000000088400000| Untracked |  0
|  51|0x0000000088500000, 0x0000000088500000, 0x0000000088600000|  0%| F|  |TAMS 0x0000000088500000| PB 0x0000000088500000| Untracked |  0
|  52|0x0000000088600000, 0x0000000088600000, 0x0000000088700000|  0%| F|  |TAMS 0x0000000088600000| PB 0x0000000088600000| Untracked |  0
|  53|0x0000000088700000, 0x0000000088700000, 0x0000000088800000|  0%| F|  |TAMS 0x0000000088700000| PB 0x0000000088700000| Untracked |  0
|  54|0x0000000088800000, 0x0000000088800000, 0x0000000088900000|  0%| F|  |TAMS 0x0000000088800000| PB 0x0000000088800000| Untracked |  0
|  55|0x0000000088900000, 0x0000000088900000, 0x0000000088a00000|  0%| F|  |TAMS 0x0000000088900000| PB 0x0000000088900000| Untracked |  0
|  56|0x0000000088a00000, 0x0000000088a00000, 0x0000000088b00000|  0%| F|  |TAMS 0x0000000088a00000| PB 0x0000000088a00000| Untracked |  0
|  57|0x0000000088b00000, 0x0000000088b00000, 0x0000000088c00000|  0%| F|  |TAMS 0x0000000088b00000| PB 0x0000000088b00000| Untracked |  0
|  58|0x0000000088c00000, 0x0000000088c00000, 0x0000000088d00000|  0%| F|  |TAMS 0x0000000088c00000| PB 0x0000000088c00000| Untracked |  0
|  59|0x0000000088d00000, 0x0000000088d00000, 0x0000000088e00000|  0%| F|  |TAMS 0x0000000088d00000| PB 0x0000000088d00000| Untracked |  0
|  60|0x0000000088e00000, 0x0000000088e00000, 0x0000000088f00000|  0%| F|  |TAMS 0x0000000088e00000| PB 0x0000000088e00000| Untracked |  0
|  61|0x0000000088f00000, 0x0000000088f00000, 0x0000000089000000|  0%| F|  |TAMS 0x0000000088f00000| PB 0x0000000088f00000| Untracked |  0
|  62|0x0000000089000000, 0x0000000089000000, 0x0000000089100000|  0%| F|  |TAMS 0x0000000089000000| PB 0x0000000089000000| Untracked |  0
|  63|0x0000000089100000, 0x0000000089100000, 0x0000000089200000|  0%| F|  |TAMS 0x0000000089100000| PB 0x0000000089100000| Untracked |  0
|  64|0x0000000089200000, 0x0000000089200000, 0x0000000089300000|  0%| F|  |TAMS 0x0000000089200000| PB 0x0000000089200000| Untracked |  0
|  65|0x0000000089300000, 0x0000000089300000, 0x0000000089400000|  0%| F|  |TAMS 0x0000000089300000| PB 0x0000000089300000| Untracked |  0
|  66|0x0000000089400000, 0x0000000089400000, 0x0000000089500000|  0%| F|  |TAMS 0x0000000089400000| PB 0x0000000089400000| Untracked |  0
|  67|0x0000000089500000, 0x0000000089500000, 0x0000000089600000|  0%| F|  |TAMS 0x0000000089500000| PB 0x0000000089500000| Untracked |  0
|  68|0x0000000089600000, 0x0000000089600000, 0x0000000089700000|  0%| F|  |TAMS 0x0000000089600000| PB 0x0000000089600000| Untracked |  0
|  69|0x0000000089700000, 0x0000000089700000, 0x0000000089800000|  0%| F|  |TAMS 0x0000000089700000| PB 0x0000000089700000| Untracked |  0
|  70|0x0000000089800000, 0x0000000089800000, 0x0000000089900000|  0%| F|  |TAMS 0x0000000089800000| PB 0x0000000089800000| Untracked |  0
|  71|0x0000000089900000, 0x0000000089900000, 0x0000000089a00000|  0%| F|  |TAMS 0x0000000089900000| PB 0x0000000089900000| Untracked |  0
|  72|0x0000000089a00000, 0x0000000089a00000, 0x0000000089b00000|  0%| F|  |TAMS 0x0000000089a00000| PB 0x0000000089a00000| Untracked |  0
|  73|0x0000000089b00000, 0x0000000089b00000, 0x0000000089c00000|  0%| F|  |TAMS 0x0000000089b00000| PB 0x0000000089b00000| Untracked |  0
|  74|0x0000000089c00000, 0x0000000089c00000, 0x0000000089d00000|  0%| F|  |TAMS 0x0000000089c00000| PB 0x0000000089c00000| Untracked |  0
|  75|0x0000000089d00000, 0x0000000089d00000, 0x0000000089e00000|  0%| F|  |TAMS 0x0000000089d00000| PB 0x0000000089d00000| Untracked |  0
|  76|0x0000000089e00000, 0x0000000089e00000, 0x0000000089f00000|  0%| F|  |TAMS 0x0000000089e00000| PB 0x0000000089e00000| Untracked |  0
|  77|0x0000000089f00000, 0x0000000089f00000, 0x000000008a000000|  0%| F|  |TAMS 0x0000000089f00000| PB 0x0000000089f00000| Untracked |  0
|  78|0x000000008a000000, 0x000000008a000000, 0x000000008a100000|  0%| F|  |TAMS 0x000000008a000000| PB 0x000000008a000000| Untracked |  0
|  79|0x000000008a100000, 0x000000008a100000, 0x000000008a200000|  0%| F|  |TAMS 0x000000008a100000| PB 0x000000008a100000| Untracked |  0
|  80|0x000000008a200000, 0x000000008a200000, 0x000000008a300000|  0%| F|  |TAMS 0x000000008a200000| PB 0x000000008a200000| Untracked |  0
|  81|0x000000008a300000, 0x000000008a300000, 0x000000008a400000|  0%| F|  |TAMS 0x000000008a300000| PB 0x000000008a300000| Untracked |  0
|  82|0x000000008a400000, 0x000000008a400000, 0x000000008a500000|  0%| F|  |TAMS 0x000000008a400000| PB 0x000000008a400000| Untracked |  0
|  83|0x000000008a500000, 0x000000008a500000, 0x000000008a600000|  0%| F|  |TAMS 0x000000008a500000| PB 0x000000008a500000| Untracked |  0
|  84|0x000000008a600000, 0x000000008a600000, 0x000000008a700000|  0%| F|  |TAMS 0x000000008a600000| PB 0x000000008a600000| Untracked |  0
|  85|0x000000008a700000, 0x000000008a700000, 0x000000008a800000|  0%| F|  |TAMS 0x000000008a700000| PB 0x000000008a700000| Untracked |  0
|  86|0x000000008a800000, 0x000000008a800000, 0x000000008a900000|  0%| F|  |TAMS 0x000000008a800000| PB 0x000000008a800000| Untracked |  0
|  87|0x000000008a900000, 0x000000008a900000, 0x000000008aa00000|  0%| F|  |TAMS 0x000000008a900000| PB 0x000000008a900000| Untracked |  0
|  88|0x000000008aa00000, 0x000000008aa00000, 0x000000008ab00000|  0%| F|  |TAMS 0x000000008aa00000| PB 0x000000008aa00000| Untracked |  0
|  89|0x000000008ab00000, 0x000000008ab00000, 0x000000008ac00000|  0%| F|  |TAMS 0x000000008ab00000| PB 0x000000008ab00000| Untracked |  0
|  90|0x000000008ac00000, 0x000000008ac00000, 0x000000008ad00000|  0%| F|  |TAMS 0x000000008ac00000| PB 0x000000008ac00000| Untracked |  0
|  91|0x000000008ad00000, 0x000000008ad00000, 0x000000008ae00000|  0%| F|  |TAMS 0x000000008ad00000| PB 0x000000008ad00000| Untracked |  0
|  92|0x000000008ae00000, 0x000000008ae00000, 0x000000008af00000|  0%| F|  |TAMS 0x000000008ae00000| PB 0x000000008ae00000| Untracked |  0
|  93|0x000000008af00000, 0x000000008af00000, 0x000000008b000000|  0%| F|  |TAMS 0x000000008af00000| PB 0x000000008af00000| Untracked |  0
|  94|0x000000008b000000, 0x000000008b000000, 0x000000008b100000|  0%| F|  |TAMS 0x000000008b000000| PB 0x000000008b000000| Untracked |  0
|  95|0x000000008b100000, 0x000000008b100000, 0x000000008b200000|  0%| F|  |TAMS 0x000000008b100000| PB 0x000000008b100000| Untracked |  0
|  96|0x000000008b200000, 0x000000008b2e12c0, 0x000000008b300000| 87%| S|CS|TAMS 0x000000008b200000| PB 0x000000008b200000| Complete |  0
|  97|0x000000008b300000, 0x000000008b300000, 0x000000008b400000|  0%| F|  |TAMS 0x000000008b300000| PB 0x000000008b300000| Untracked |  0
|  98|0x000000008b400000, 0x000000008b400000, 0x000000008b500000|  0%| F|  |TAMS 0x000000008b400000| PB 0x000000008b400000| Untracked |  0
|  99|0x000000008b500000, 0x000000008b500000, 0x000000008b600000|  0%| F|  |TAMS 0x000000008b500000| PB 0x000000008b500000| Untracked |  0
| 100|0x000000008b600000, 0x000000008b700000, 0x000000008b700000|100%| S|CS|TAMS 0x000000008b600000| PB 0x000000008b600000| Complete |  0
| 101|0x000000008b700000, 0x000000008b700000, 0x000000008b800000|  0%| F|  |TAMS 0x000000008b700000| PB 0x000000008b700000| Untracked |  0
| 102|0x000000008b800000, 0x000000008b800000, 0x000000008b900000|  0%| F|  |TAMS 0x000000008b800000| PB 0x000000008b800000| Untracked |  0
| 103|0x000000008b900000, 0x000000008b900000, 0x000000008ba00000|  0%| F|  |TAMS 0x000000008b900000| PB 0x000000008b900000| Untracked |  0
| 104|0x000000008ba00000, 0x000000008ba00000, 0x000000008bb00000|  0%| F|  |TAMS 0x000000008ba00000| PB 0x000000008ba00000| Untracked |  0
| 105|0x000000008bb00000, 0x000000008bb00000, 0x000000008bc00000|  0%| F|  |TAMS 0x000000008bb00000| PB 0x000000008bb00000| Untracked |  0
| 106|0x000000008bc00000, 0x000000008bc644c0, 0x000000008bd00000| 39%| E|  |TAMS 0x000000008bc00000| PB 0x000000008bc00000| Complete |  0
| 107|0x000000008bd00000, 0x000000008be00000, 0x000000008be00000|100%| E|CS|TAMS 0x000000008bd00000| PB 0x000000008bd00000| Complete |  0
| 108|0x000000008be00000, 0x000000008bf00000, 0x000000008bf00000|100%| E|CS|TAMS 0x000000008be00000| PB 0x000000008be00000| Complete |  0
| 109|0x000000008bf00000, 0x000000008c000000, 0x000000008c000000|100%| E|CS|TAMS 0x000000008bf00000| PB 0x000000008bf00000| Complete |  0
| 110|0x000000008c000000, 0x000000008c100000, 0x000000008c100000|100%| E|CS|TAMS 0x000000008c000000| PB 0x000000008c000000| Complete |  0
| 111|0x000000008c100000, 0x000000008c200000, 0x000000008c200000|100%| E|CS|TAMS 0x000000008c100000| PB 0x000000008c100000| Complete |  0
| 112|0x000000008c200000, 0x000000008c300000, 0x000000008c300000|100%| E|CS|TAMS 0x000000008c200000| PB 0x000000008c200000| Complete |  0
| 113|0x000000008c300000, 0x000000008c400000, 0x000000008c400000|100%| E|CS|TAMS 0x000000008c300000| PB 0x000000008c300000| Complete |  0
| 114|0x000000008c400000, 0x000000008c500000, 0x000000008c500000|100%| E|CS|TAMS 0x000000008c400000| PB 0x000000008c400000| Complete |  0
| 115|0x000000008c500000, 0x000000008c600000, 0x000000008c600000|100%| E|CS|TAMS 0x000000008c500000| PB 0x000000008c500000| Complete |  0
| 116|0x000000008c600000, 0x000000008c700000, 0x000000008c700000|100%| E|CS|TAMS 0x000000008c600000| PB 0x000000008c600000| Complete |  0
| 117|0x000000008c700000, 0x000000008c800000, 0x000000008c800000|100%| E|CS|TAMS 0x000000008c700000| PB 0x000000008c700000| Complete |  0
| 118|0x000000008c800000, 0x000000008c900000, 0x000000008c900000|100%| E|CS|TAMS 0x000000008c800000| PB 0x000000008c800000| Complete |  0
| 119|0x000000008c900000, 0x000000008ca00000, 0x000000008ca00000|100%| E|CS|TAMS 0x000000008c900000| PB 0x000000008c900000| Complete |  0
| 120|0x000000008ca00000, 0x000000008cb00000, 0x000000008cb00000|100%| E|  |TAMS 0x000000008ca00000| PB 0x000000008ca00000| Complete |  0
| 121|0x000000008cb00000, 0x000000008cc00000, 0x000000008cc00000|100%| E|CS|TAMS 0x000000008cb00000| PB 0x000000008cb00000| Complete |  0
| 122|0x000000008cc00000, 0x000000008cd00000, 0x000000008cd00000|100%| E|CS|TAMS 0x000000008cc00000| PB 0x000000008cc00000| Complete |  0
| 123|0x000000008cd00000, 0x000000008ce00000, 0x000000008ce00000|100%| E|CS|TAMS 0x000000008cd00000| PB 0x000000008cd00000| Complete |  0

Card table byte_map: [0x0000021e7def0000,0x0000021e7e2d0000] _byte_map_base: 0x0000021e7dac7000

Marking Bits: (CMBitMap*) 0x0000021e74a9ac80
 Bits: [0x0000021e0f000000, 0x0000021e10eb8000)

Polling page: 0x0000021e74200000

Metaspace:

Usage:
  Non-class:     15.13 MB used.
      Class:      2.18 MB used.
       Both:     17.31 MB used.

Virtual space:
  Non-class space:       64.00 MB reserved,      15.31 MB ( 24%) committed,  1 nodes.
      Class space:        1.00 GB reserved,       2.31 MB ( <1%) committed,  1 nodes.
             Both:        1.06 GB reserved,      17.62 MB (  2%) committed. 

Chunk freelists:
   Non-Class:  15.84 MB
       Class:  13.50 MB
        Both:  29.34 MB

MaxMetaspaceSize: unlimited
CompressedClassSpaceSize: 1.00 GB
Initial GC threshold: 21.00 MB
Current GC threshold: 21.00 MB
CDS: on
 - commit_granule_bytes: 65536.
 - commit_granule_words: 8192.
 - virtual_space_node_default_size: 8388608.
 - enlarge_chunks_in_place: 1.
 - use_allocation_guard: 0.


Internal statistics:

num_allocs_failed_limit: 0.
num_arena_births: 304.
num_arena_deaths: 0.
num_vsnodes_births: 2.
num_vsnodes_deaths: 0.
num_space_committed: 282.
num_space_uncommitted: 0.
num_chunks_returned_to_freelist: 0.
num_chunks_taken_from_freelist: 897.
num_chunk_merges: 0.
num_chunk_splits: 587.
num_chunks_enlarged: 395.
num_inconsistent_stats: 0.

CodeHeap 'non-profiled nmethods': size=119232Kb used=750Kb max_used=750Kb free=118481Kb
 bounds [0x0000021e07b90000, 0x0000021e07e00000, 0x0000021e0f000000]
CodeHeap 'profiled nmethods': size=119104Kb used=3830Kb max_used=3830Kb free=115274Kb
 bounds [0x0000021e00000000, 0x0000021e003c0000, 0x0000021e07450000]
CodeHeap 'non-nmethods': size=7424Kb used=3146Kb max_used=3150Kb free=4277Kb
 bounds [0x0000021e07450000, 0x0000021e07770000, 0x0000021e07b90000]
CodeCache: size=245760Kb, used=7726Kb, max_used=7730Kb, free=238032Kb
 total_blobs=3209, nmethods=2669, adapters=440, full_count=0
Compilation: enabled, stopped_count=0, restarted_count=0

Compilation events (20 events):
Event: 1.160 Thread 0x0000021e59274370 nmethod 2665 0x0000021e003b8308 code [0x0000021e003b8440, 0x0000021e003b88c8]
Event: 1.160 Thread 0x0000021e7f13e870 2670       3       java.lang.invoke.DelegatingMethodHandle$Holder::reinvoke_L (20 bytes)
Event: 1.160 Thread 0x0000021e58239e50 nmethod 2668 0x0000021e003b8908 code [0x0000021e003b8a60, 0x0000021e003b8ef8]
Event: 1.161 Thread 0x0000021e7f13e870 nmethod 2670 0x0000021e003b8f88 code [0x0000021e003b90c0, 0x0000021e003b94e0]
Event: 1.162 Thread 0x0000021e59274370 2671       3       java.lang.invoke.LambdaForm$MH/0x0000021e140c9800::invoke (45 bytes)
Event: 1.163 Thread 0x0000021e59274370 nmethod 2671 0x0000021e003b9508 code [0x0000021e003b9660, 0x0000021e003b9cd8]
Event: 1.163 Thread 0x0000021e58239e50 2672       3       java.lang.invoke.DirectMethodHandle$Holder::invokeStatic (14 bytes)
Event: 1.163 Thread 0x0000021e7f13e870 2673       3       java.util.Arrays$ArrayList::iterator (12 bytes)
Event: 1.163 Thread 0x0000021e7f129900 2674       3       java.util.Arrays$ArrayItr::<init> (10 bytes)
Event: 1.163 Thread 0x0000021e58239e50 nmethod 2672 0x0000021e003b9d08 code [0x0000021e003b9e40, 0x0000021e003ba270]
Event: 1.163 Thread 0x0000021e7f129900 nmethod 2674 0x0000021e003ba288 code [0x0000021e003ba3a0, 0x0000021e003ba558]
Event: 1.163 Thread 0x0000021e7f13e870 nmethod 2673 0x0000021e003ba588 code [0x0000021e003ba6c0, 0x0000021e003ba948]
Event: 1.164 Thread 0x0000021e58239e50 2679       3       java.lang.invoke.LambdaForm$MH/0x0000021e140cac00::invoke (46 bytes)
Event: 1.164 Thread 0x0000021e7f13e870 2680       3       java.lang.invoke.LambdaForm$MH/0x0000021e140cb400::invoke (110 bytes)
Event: 1.164 Thread 0x0000021e58239e50 nmethod 2679 0x0000021e003ba988 code [0x0000021e003baae0, 0x0000021e003bb098]
Event: 1.165 Thread 0x0000021e7f13e870 nmethod 2680 0x0000021e003bb108 code [0x0000021e003bb2c0, 0x0000021e003bc010]
Event: 1.165 Thread 0x0000021e5a38ae00 2676       4       java.util.zip.ZipFile$Source::getEntryPos (164 bytes)
Event: 1.167 Thread 0x0000021e59274370 2682       3       org.springframework.util.StringUtils::delimitedListToStringArray (164 bytes)
Event: 1.167 Thread 0x0000021e58239e50 2681       3       org.springframework.util.StringUtils::delimitedListToStringArray (7 bytes)
Event: 1.167 Thread 0x0000021e58239e50 nmethod 2681 0x0000021e003bc088 code [0x0000021e003bc1a0, 0x0000021e003bc2c8]

GC Heap History (4 events):
Event: 0.666 GC heap before
{Heap before GC invocations=0 (full 0):
 garbage-first heap   total reserved 2013184K, committed 126976K, used 23552K [0x0000000085200000, 0x0000000100000000)
  region size 1024K, 24 young (24576K), 0 survivors (0K)
 Metaspace       used 7885K, committed 8128K, reserved 1114112K
  class space    used 966K, committed 1088K, reserved 1048576K
}
Event: 0.671 GC heap after
{Heap after GC invocations=1 (full 0):
 garbage-first heap   total reserved 2013184K, committed 126976K, used 4772K [0x0000000085200000, 0x0000000100000000)
  region size 1024K, 3 young (3072K), 3 survivors (3072K)
 Metaspace       used 7885K, committed 8128K, reserved 1114112K
  class space    used 966K, committed 1088K, reserved 1048576K
}
Event: 0.960 GC heap before
{Heap before GC invocations=1 (full 0):
 garbage-first heap   total reserved 2013184K, committed 126976K, used 27300K [0x0000000085200000, 0x0000000100000000)
  region size 1024K, 26 young (26624K), 3 survivors (3072K)
 Metaspace       used 13874K, committed 14208K, reserved 1114112K
  class space    used 1709K, committed 1856K, reserved 1048576K
}
Event: 0.964 GC heap after
{Heap after GC invocations=2 (full 0):
 garbage-first heap   total reserved 2013184K, committed 126976K, used 6832K [0x0000000085200000, 0x0000000100000000)
  region size 1024K, 2 young (2048K), 2 survivors (2048K)
 Metaspace       used 13874K, committed 14208K, reserved 1114112K
  class space    used 1709K, committed 1856K, reserved 1048576K
}

Dll operation events (11 events):
Event: 0.011 Loaded shared library C:\Users\krims_k45\.jdks\openjdk-23.0.2\bin\java.dll
Event: 0.038 Loaded shared library C:\Users\krims_k45\.jdks\openjdk-23.0.2\bin\jsvml.dll
Event: 0.075 Loaded shared library C:\Users\krims_k45\.jdks\openjdk-23.0.2\bin\zip.dll
Event: 0.079 Loaded shared library C:\Users\krims_k45\.jdks\openjdk-23.0.2\bin\instrument.dll
Event: 0.083 Loaded shared library C:\Users\krims_k45\.jdks\openjdk-23.0.2\bin\net.dll
Event: 0.084 Loaded shared library C:\Users\krims_k45\.jdks\openjdk-23.0.2\bin\nio.dll
Event: 0.086 Loaded shared library C:\Users\krims_k45\.jdks\openjdk-23.0.2\bin\zip.dll
Event: 0.118 Loaded shared library C:\Program Files\JetBrains\IntelliJ IDEA Community Edition 2024.1.5\bin\breakgen64.dll
Event: 0.127 Loaded shared library C:\Users\krims_k45\.jdks\openjdk-23.0.2\bin\extnet.dll
Event: 0.164 Loaded shared library C:\Users\krims_k45\.jdks\openjdk-23.0.2\bin\jimage.dll
Event: 1.128 Loaded shared library C:\Users\krims_k45\.jdks\openjdk-23.0.2\bin\sunmscapi.dll

Deoptimization events (20 events):
Event: 1.074 Thread 0x0000021e59166a10 Uncommon trap: trap_request=0xffffff45 fr.pc=0x0000021e07c16c68 relative=0x00000000000004a8
Event: 1.074 Thread 0x0000021e59166a10 Uncommon trap: reason=unstable_if action=reinterpret pc=0x0000021e07c16c68 method=java.lang.AbstractStringBuilder.isLatin1()Z @ 10 c2
Event: 1.074 Thread 0x0000021e59166a10 DEOPT PACKING pc=0x0000021e07c16c68 sp=0x000000485dafe0d0
Event: 1.074 Thread 0x0000021e59166a10 DEOPT UNPACKING pc=0x0000021e074a4402 sp=0x000000485dafe028 mode 2
Event: 1.117 Thread 0x0000021e7273b500 Uncommon trap: trap_request=0xffffff45 fr.pc=0x0000021e07be39e8 relative=0x00000000000011e8
Event: 1.117 Thread 0x0000021e7273b500 Uncommon trap: reason=unstable_if action=reinterpret pc=0x0000021e07be39e8 method=java.util.jar.JarFile.getVersionedEntry(Ljava/lang/String;Ljava/util/jar/JarEntry;)Ljava/util/jar/JarEntry; @ 26 c2
Event: 1.117 Thread 0x0000021e7273b500 DEOPT PACKING pc=0x0000021e07be39e8 sp=0x000000485bdfdfd0
Event: 1.117 Thread 0x0000021e7273b500 DEOPT UNPACKING pc=0x0000021e074a4402 sp=0x000000485bdfdf50 mode 2
Event: 1.119 Thread 0x0000021e7273b500 DEOPT PACKING pc=0x0000021e0036254f sp=0x000000485bdfddb0
Event: 1.119 Thread 0x0000021e7273b500 DEOPT UNPACKING pc=0x0000021e074a4b22 sp=0x000000485bdfd298 mode 0
Event: 1.123 Thread 0x0000021e7273b500 Uncommon trap: trap_request=0xffffffc6 fr.pc=0x0000021e07c44868 relative=0x0000000000001c48
Event: 1.123 Thread 0x0000021e7273b500 Uncommon trap: reason=bimorphic_or_optimized_type_check action=maybe_recompile pc=0x0000021e07c44868 method=java.util.HashMap.putVal(ILjava/lang/Object;Ljava/lang/Object;ZZ)Ljava/lang/Object; @ 91 c2
Event: 1.123 Thread 0x0000021e7273b500 DEOPT PACKING pc=0x0000021e07c44868 sp=0x000000485bdfe8f0
Event: 1.123 Thread 0x0000021e7273b500 DEOPT UNPACKING pc=0x0000021e074a4402 sp=0x000000485bdfe7a8 mode 2
Event: 1.123 Thread 0x0000021e7273b500 Uncommon trap: trap_request=0xffffffc6 fr.pc=0x0000021e07c44868 relative=0x0000000000001c48
Event: 1.123 Thread 0x0000021e7273b500 Uncommon trap: reason=bimorphic_or_optimized_type_check action=maybe_recompile pc=0x0000021e07c44868 method=java.util.HashMap.putVal(ILjava/lang/Object;Ljava/lang/Object;ZZ)Ljava/lang/Object; @ 91 c2
Event: 1.123 Thread 0x0000021e7273b500 DEOPT PACKING pc=0x0000021e07c44868 sp=0x000000485bdfe980
Event: 1.123 Thread 0x0000021e7273b500 DEOPT UNPACKING pc=0x0000021e074a4402 sp=0x000000485bdfe838 mode 2
Event: 1.164 Thread 0x0000021e7273b500 DEOPT PACKING pc=0x0000021e0036254f sp=0x000000485bdfd690
Event: 1.164 Thread 0x0000021e7273b500 DEOPT UNPACKING pc=0x0000021e074a4b22 sp=0x000000485bdfcb78 mode 0

Classes loaded (20 events):
Event: 1.117 Loading class javax/security/auth/Subject
Event: 1.117 Loading class javax/security/auth/Subject done
Event: 1.117 Loading class javax/security/auth/callback/CallbackHandler
Event: 1.117 Loading class javax/security/auth/callback/CallbackHandler done
Event: 1.129 Loading class sun/security/provider/certpath/ldap/JdkLDAP
Event: 1.129 Loading class sun/security/provider/certpath/ldap/JdkLDAP done
Event: 1.130 Loading class sun/security/provider/certpath/ldap/JdkLDAP$ProviderService
Event: 1.130 Loading class sun/security/provider/certpath/ldap/JdkLDAP$ProviderService done
Event: 1.130 Loading class com/sun/security/sasl/Provider
Event: 1.130 Loading class com/sun/security/sasl/Provider done
Event: 1.130 Loading class com/sun/security/sasl/Provider$1
Event: 1.130 Loading class com/sun/security/sasl/Provider$1 done
Event: 1.130 Loading class com/sun/security/sasl/Provider$ProviderService
Event: 1.130 Loading class com/sun/security/sasl/Provider$ProviderService done
Event: 1.151 Loading class java/lang/Thread$ThreadNumbering
Event: 1.151 Loading class java/lang/Thread$ThreadNumbering done
Event: 1.161 Loading class javax/naming/ldap/LdapContext
Event: 1.161 Loading class javax/naming/directory/DirContext
Event: 1.161 Loading class javax/naming/directory/DirContext done
Event: 1.161 Loading class javax/naming/ldap/LdapContext done

Classes unloaded (0 events):
No events

Classes redefined (0 events):
No events

Internal exceptions (20 events):
Event: 0.651 Thread 0x0000021e7273b500 Exception <a 'java/lang/NoSuchMethodError'{0x000000008b63db60}: 'java.lang.Object java.lang.invoke.DirectMethodHandle$Holder.newInvokeSpecial(java.lang.Object, int, java.lang.Object)'> (0x000000008b63db60) 
thrown [s\open\src\hotspot\share\interpreter\linkResolver.cpp, line 796]
Event: 0.652 Thread 0x0000021e7273b500 Exception <a 'java/lang/NoSuchMethodError'{0x000000008b6426e8}: 'int java.lang.invoke.DirectMethodHandle$Holder.invokeSpecialIFC(java.lang.Object, java.lang.Object, java.lang.Object, java.lang.Object)'> (0x000000008b6426e8) 
thrown [s\open\src\hotspot\share\interpreter\linkResolver.cpp, line 796]
Event: 0.675 Thread 0x0000021e7273b500 Exception <a 'java/lang/NoSuchMethodError'{0x000000008cd16050}: 'void java.lang.invoke.DirectMethodHandle$Holder.invokeInterface(java.lang.Object, java.lang.Object, java.lang.Object)'> (0x000000008cd16050) 
thrown [s\open\src\hotspot\share\interpreter\linkResolver.cpp, line 796]
Event: 0.687 Thread 0x0000021e7273b500 Exception <a 'java/lang/NoSuchMethodError'{0x000000008cdf9078}: 'void java.lang.invoke.DirectMethodHandle$Holder.invokeStaticInit(java.lang.Object, java.lang.Object, java.lang.Object)'> (0x000000008cdf9078) 
thrown [s\open\src\hotspot\share\interpreter\linkResolver.cpp, line 796]
Event: 0.689 Thread 0x0000021e7273b500 Exception <a 'java/lang/NoSuchMethodError'{0x000000008cc189e0}: 'java.lang.Object java.lang.invoke.DirectMethodHandle$Holder.invokeVirtual(java.lang.Object, java.lang.Object, java.lang.Object)'> (0x000000008cc189e0) 
thrown [s\open\src\hotspot\share\interpreter\linkResolver.cpp, line 796]
Event: 0.706 Thread 0x0000021e7273b500 Exception <a 'java/lang/NoSuchMethodError'{0x000000008cb06048}: 'void java.lang.invoke.DirectMethodHandle$Holder.invokeVirtual(java.lang.Object, java.lang.Object, java.lang.Object, java.lang.Object)'> (0x000000008cb06048) 
thrown [s\open\src\hotspot\share\interpreter\linkResolver.cpp, line 796]
Event: 0.765 Thread 0x0000021e59166a10 Exception <a 'java/lang/NoClassDefFoundError'{0x000000008c97eb90}: jakarta/validation/Validation> (0x000000008c97eb90) 
thrown [s\open\src\hotspot\share\classfile\systemDictionary.cpp, line 302]
Event: 0.766 Thread 0x0000021e7273b500 Exception <a 'java/lang/NoSuchMethodError'{0x000000008c94f898}: 'java.lang.reflect.Field[] java.lang.Class.getDeclaredFields(java.lang.Class)'> (0x000000008c94f898) 
thrown [s\open\src\hotspot\share\interpreter\linkResolver.cpp, line 796]
Event: 0.767 Thread 0x0000021e7273b500 Exception <a 'java/lang/NoSuchMethodError'{0x000000008c9542a8}: 'java.lang.Object java.lang.invoke.DirectMethodHandle$Holder.invokeStatic(java.lang.Object, java.lang.Object, int)'> (0x000000008c9542a8) 
thrown [s\open\src\hotspot\share\interpreter\linkResolver.cpp, line 796]
Event: 0.768 Thread 0x0000021e7273b500 Exception <a 'java/lang/NoSuchMethodError'{0x000000008c95f460}: 'void java.lang.invoke.DelegatingMethodHandle$Holder.delegate(java.lang.Object, java.lang.Object, int, java.lang.Object)'> (0x000000008c95f460) 
thrown [s\open\src\hotspot\share\interpreter\linkResolver.cpp, line 796]
Event: 0.776 Thread 0x0000021e7273b500 Exception <a 'java/lang/IncompatibleClassChangeError'{0x000000008c89bd78}: Found class java.lang.Object, but interface was expected> (0x000000008c89bd78) 
thrown [s\open\src\hotspot\share\interpreter\linkResolver.cpp, line 863]
Event: 0.785 Thread 0x0000021e7273b500 Exception <a 'java/lang/NoSuchMethodError'{0x000000008c8b7168}: 'int java.lang.invoke.DirectMethodHandle$Holder.invokeVirtual(java.lang.Object, java.lang.Object)'> (0x000000008c8b7168) 
thrown [s\open\src\hotspot\share\interpreter\linkResolver.cpp, line 796]
Event: 1.020 Thread 0x0000021e7273b500 Exception <a 'java/lang/NoSuchMethodError'{0x000000008c7f23d8}: 'int java.lang.invoke.DirectMethodHandle$Holder.invokeSpecial(java.lang.Object, java.lang.Object, java.lang.Object, java.lang.Object, java.lang.Object)'> (0x000000008c7f23d8) 
thrown [s\open\src\hotspot\share\interpreter\linkResolver.cpp, line 796]
Event: 1.022 Thread 0x0000021e7273b500 Exception <a 'java/lang/NoSuchMethodError'{0x000000008c7faa70}: 'void java.lang.invoke.DirectMethodHandle$Holder.invokeVirtual(java.lang.Object, java.lang.Object)'> (0x000000008c7faa70) 
thrown [s\open\src\hotspot\share\interpreter\linkResolver.cpp, line 796]
Event: 1.030 Thread 0x0000021e59166a10 Exception <a 'java/lang/NoSuchMethodError'{0x000000008c508050}: 'long java.lang.invoke.DirectMethodHandle$Holder.invokeSpecial(java.lang.Object, java.lang.Object)'> (0x000000008c508050) 
thrown [s\open\src\hotspot\share\interpreter\linkResolver.cpp, line 796]
Event: 1.032 Thread 0x0000021e59166a10 Exception <a 'java/lang/NoSuchMethodError'{0x000000008c511c48}: 'long java.lang.invoke.DirectMethodHandle$Holder.invokeStatic(java.lang.Object, java.lang.Object)'> (0x000000008c511c48) 
thrown [s\open\src\hotspot\share\interpreter\linkResolver.cpp, line 796]
Event: 1.033 Thread 0x0000021e59166a10 Exception <a 'java/lang/NoSuchMethodError'{0x000000008c514d48}: 'long java.lang.invoke.DirectMethodHandle$Holder.invokeStaticInit(java.lang.Object, java.lang.Object)'> (0x000000008c514d48) 
thrown [s\open\src\hotspot\share\interpreter\linkResolver.cpp, line 796]
Event: 1.036 Thread 0x0000021e59166a10 Exception <a 'java/lang/NoSuchMethodError'{0x000000008c520fd0}: 'long java.lang.invoke.DirectMethodHandle$Holder.invokeInterface(java.lang.Object, java.lang.Object)'> (0x000000008c520fd0) 
thrown [s\open\src\hotspot\share\interpreter\linkResolver.cpp, line 796]
Event: 1.036 Thread 0x0000021e59166a10 Exception <a 'java/lang/IncompatibleClassChangeError'{0x000000008c523ff8}: Found class java.lang.Object, but interface was expected> (0x000000008c523ff8) 
thrown [s\open\src\hotspot\share\interpreter\linkResolver.cpp, line 863]
Event: 1.040 Thread 0x0000021e59166a10 Exception <a 'java/lang/NoSuchMethodError'{0x000000008c5cc470}: 'java.lang.Object java.lang.invoke.DirectMethodHandle$Holder.invokeVirtual(java.lang.Object, java.lang.Object, java.lang.Object, java.lang.Object)'> (0x000000008c5cc470) 
thrown [s\open\src\hotspot\share\interpreter\linkResolver.cpp, line 796]

VM Operations (20 events):
Event: 0.757 Executing VM operation: HandshakeAllThreads (Deoptimize)
Event: 0.757 Executing VM operation: HandshakeAllThreads (Deoptimize) done
Event: 0.767 Executing VM operation: HandshakeAllThreads (Deoptimize)
Event: 0.767 Executing VM operation: HandshakeAllThreads (Deoptimize) done
Event: 0.781 Executing VM operation: HandshakeAllThreads (Deoptimize)
Event: 0.781 Executing VM operation: HandshakeAllThreads (Deoptimize) done
Event: 0.875 Executing VM operation: HandshakeAllThreads (Deoptimize)
Event: 0.875 Executing VM operation: HandshakeAllThreads (Deoptimize) done
Event: 0.960 Executing VM operation: G1CollectForAllocation (G1 Evacuation Pause)
Event: 0.964 Executing VM operation: G1CollectForAllocation (G1 Evacuation Pause) done
Event: 0.969 Executing VM operation: HandshakeAllThreads (Deoptimize)
Event: 0.969 Executing VM operation: HandshakeAllThreads (Deoptimize) done
Event: 1.005 Executing VM operation: HandshakeAllThreads (Deoptimize)
Event: 1.006 Executing VM operation: HandshakeAllThreads (Deoptimize) done
Event: 1.045 Executing VM operation: HandshakeAllThreads (Deoptimize)
Event: 1.045 Executing VM operation: HandshakeAllThreads (Deoptimize) done
Event: 1.080 Executing VM operation: HandshakeAllThreads (Deoptimize)
Event: 1.080 Executing VM operation: HandshakeAllThreads (Deoptimize) done
Event: 1.100 Executing VM operation: HandshakeAllThreads (Deoptimize)
Event: 1.100 Executing VM operation: HandshakeAllThreads (Deoptimize) done

Memory protections (0 events):
No events

Nmethod flushes (0 events):
No events

Events (20 events):
Event: 0.036 Thread 0x0000021e7273b500 Thread added: 0x0000021e7f110440
Event: 0.036 Thread 0x0000021e7273b500 Thread added: 0x0000021e7f1113d0
Event: 0.036 Thread 0x0000021e7273b500 Thread added: 0x0000021e7f112f70
Event: 0.036 Thread 0x0000021e7273b500 Thread added: 0x0000021e7f115b20
Event: 0.036 Thread 0x0000021e7273b500 Thread added: 0x0000021e7f1166b0
Event: 0.036 Thread 0x0000021e7273b500 Thread added: 0x0000021e7f1223b0
Event: 0.036 Thread 0x0000021e7273b500 Thread added: 0x0000021e7f129900
Event: 0.040 Thread 0x0000021e7f129900 Thread added: 0x0000021e7f13e870
Event: 0.063 Thread 0x0000021e7273b500 Thread added: 0x0000021e581277d0
Event: 0.071 Thread 0x0000021e7f1223b0 Thread added: 0x0000021e58136730
Event: 0.088 Thread 0x0000021e7f13e870 Thread added: 0x0000021e58239e50
Event: 0.108 Thread 0x0000021e7f129900 Thread added: 0x0000021e583f49f0
Event: 0.119 Thread 0x0000021e7273b500 Thread added: 0x0000021e584cf680
Event: 0.119 Thread 0x0000021e7273b500 Thread added: 0x0000021e584d0d00
Event: 0.762 Thread 0x0000021e7273b500 Thread added: 0x0000021e59166a10
Event: 0.862 Thread 0x0000021e58239e50 Thread added: 0x0000021e59274370
Event: 1.132 Thread 0x0000021e59166a10 Thread exited: 0x0000021e59166a10
Event: 1.148 Thread 0x0000021e7f129900 Thread added: 0x0000021e59834f00
Event: 1.151 Thread 0x0000021e7273b500 Thread added: 0x0000021e5a1ec490
Event: 1.164 Thread 0x0000021e58239e50 Thread added: 0x0000021e5a38ae00


Dynamic libraries:
0x00007ff6dfef0000 - 0x00007ff6dfefe000 	C:\Users\krims_k45\.jdks\openjdk-23.0.2\bin\java.exe
0x00007ff9f36d0000 - 0x00007ff9f38e7000 	C:\Windows\SYSTEM32\ntdll.dll
0x00007ff9f2df0000 - 0x00007ff9f2eb4000 	C:\Windows\System32\KERNEL32.DLL
0x00007ff9f0f40000 - 0x00007ff9f1310000 	C:\Windows\System32\KERNELBASE.dll
0x00007ff9f0da0000 - 0x00007ff9f0eb1000 	C:\Windows\System32\ucrtbase.dll
0x00007ff9c2df0000 - 0x00007ff9c2e07000 	C:\Users\krims_k45\.jdks\openjdk-23.0.2\bin\jli.dll
0x00007ff9c2dd0000 - 0x00007ff9c2deb000 	C:\Users\krims_k45\.jdks\openjdk-23.0.2\bin\VCRUNTIME140.dll
0x00007ff9f3400000 - 0x00007ff9f35ae000 	C:\Windows\System32\USER32.dll
0x00007ff9f1390000 - 0x00007ff9f13b6000 	C:\Windows\System32\win32u.dll
0x00007ff9f35b0000 - 0x00007ff9f35d9000 	C:\Windows\System32\GDI32.dll
0x00007ff9c5780000 - 0x00007ff9c5a12000 	C:\Windows\WinSxS\amd64_microsoft.windows.common-controls_6595b64144ccf1df_6.0.22621.4830_none_270fe7d773858e80\COMCTL32.dll
0x00007ff9f0be0000 - 0x00007ff9f0cfb000 	C:\Windows\System32\gdi32full.dll
0x00007ff9f1e60000 - 0x00007ff9f1f07000 	C:\Windows\System32\msvcrt.dll
0x00007ff9f0d00000 - 0x00007ff9f0d9a000 	C:\Windows\System32\msvcp_win.dll
0x00007ff9f3300000 - 0x00007ff9f3331000 	C:\Windows\System32\IMM32.DLL
0x00007ff9e7c80000 - 0x00007ff9e7c8c000 	C:\Users\krims_k45\.jdks\openjdk-23.0.2\bin\vcruntime140_1.dll
0x00007ff9c2d40000 - 0x00007ff9c2dce000 	C:\Users\krims_k45\.jdks\openjdk-23.0.2\bin\msvcp140.dll
0x00007ff95dd00000 - 0x00007ff95ea50000 	C:\Users\krims_k45\.jdks\openjdk-23.0.2\bin\server\jvm.dll
0x00007ff9f3340000 - 0x00007ff9f33f1000 	C:\Windows\System32\ADVAPI32.dll
0x00007ff9f3170000 - 0x00007ff9f3217000 	C:\Windows\System32\sechost.dll
0x00007ff9f0a40000 - 0x00007ff9f0a68000 	C:\Windows\System32\bcrypt.dll
0x00007ff9f3050000 - 0x00007ff9f3164000 	C:\Windows\System32\RPCRT4.dll
0x00007ff9f1850000 - 0x00007ff9f18c1000 	C:\Windows\System32\WS2_32.dll
0x00007ff9f0850000 - 0x00007ff9f089d000 	C:\Windows\SYSTEM32\POWRPROF.dll
0x00007ff9e9f40000 - 0x00007ff9e9f74000 	C:\Windows\SYSTEM32\WINMM.dll
0x00007ff9e3950000 - 0x00007ff9e395a000 	C:\Windows\SYSTEM32\VERSION.dll
0x00007ff9f0780000 - 0x00007ff9f0793000 	C:\Windows\SYSTEM32\UMPDC.dll
0x00007ff9ef9c0000 - 0x00007ff9ef9d8000 	C:\Windows\SYSTEM32\kernel.appcore.dll
0x00007ff9ce4b0000 - 0x00007ff9ce4ba000 	C:\Users\krims_k45\.jdks\openjdk-23.0.2\bin\jimage.dll
0x00007ff9ee1c0000 - 0x00007ff9ee3f2000 	C:\Windows\SYSTEM32\DBGHELP.DLL
0x00007ff9f2a60000 - 0x00007ff9f2df0000 	C:\Windows\System32\combase.dll
0x00007ff9f3220000 - 0x00007ff9f32f7000 	C:\Windows\System32\OLEAUT32.dll
0x00007ff9d1120000 - 0x00007ff9d1152000 	C:\Windows\SYSTEM32\dbgcore.DLL
0x00007ff9f0ec0000 - 0x00007ff9f0f3b000 	C:\Windows\System32\bcryptPrimitives.dll
0x00007ff9cd700000 - 0x00007ff9cd70f000 	C:\Users\krims_k45\.jdks\openjdk-23.0.2\bin\instrument.dll
0x00007ff9c2d20000 - 0x00007ff9c2d3e000 	C:\Users\krims_k45\.jdks\openjdk-23.0.2\bin\java.dll
0x00007ff9f1c20000 - 0x00007ff9f1dc1000 	C:\Windows\System32\ole32.dll
0x00007ff9f2160000 - 0x00007ff9f29d8000 	C:\Windows\System32\SHELL32.dll
0x00007ff9ee8d0000 - 0x00007ff9ef1e0000 	C:\Windows\SYSTEM32\windows.storage.dll
0x00007ff9ee790000 - 0x00007ff9ee8cf000 	C:\Windows\SYSTEM32\wintypes.dll
0x00007ff9f18e0000 - 0x00007ff9f19ea000 	C:\Windows\System32\SHCORE.dll
0x00007ff9f2fd0000 - 0x00007ff9f302e000 	C:\Windows\System32\shlwapi.dll
0x00007ff9f08b0000 - 0x00007ff9f08db000 	C:\Windows\SYSTEM32\profapi.dll
0x00007ff9bc660000 - 0x00007ff9bc737000 	C:\Users\krims_k45\.jdks\openjdk-23.0.2\bin\jsvml.dll
0x00007ff9c2ce0000 - 0x00007ff9c2cf7000 	C:\Users\krims_k45\.jdks\openjdk-23.0.2\bin\zip.dll
0x00007ff9cd380000 - 0x00007ff9cd390000 	C:\Users\krims_k45\.jdks\openjdk-23.0.2\bin\net.dll
0x00007ff9efe40000 - 0x00007ff9efeaa000 	C:\Windows\system32\mswsock.dll
0x00007ff9c2d00000 - 0x00007ff9c2d16000 	C:\Users\krims_k45\.jdks\openjdk-23.0.2\bin\nio.dll
0x00007ff9c2aa0000 - 0x00007ff9c2aba000 	C:\Program Files\JetBrains\IntelliJ IDEA Community Edition 2024.1.5\bin\breakgen64.dll
0x00007ff9c5760000 - 0x00007ff9c5769000 	C:\Users\krims_k45\.jdks\openjdk-23.0.2\bin\extnet.dll
0x00007ff9c2ee0000 - 0x00007ff9c2eee000 	C:\Users\krims_k45\.jdks\openjdk-23.0.2\bin\sunmscapi.dll
0x00007ff9f0a70000 - 0x00007ff9f0bd6000 	C:\Windows\System32\CRYPT32.dll
0x00007ff9f0230000 - 0x00007ff9f025d000 	C:\Windows\SYSTEM32\ncrypt.dll
0x00007ff9f01f0000 - 0x00007ff9f0227000 	C:\Windows\SYSTEM32\NTASN1.dll

dbghelp: loaded successfully - version: 4.0.5 - missing functions: none
symbol engine: initialized successfully - sym options: 0x614 - pdb path: .;C:\Users\krims_k45\.jdks\openjdk-23.0.2\bin;C:\Windows\SYSTEM32;C:\Windows\WinSxS\amd64_microsoft.windows.common-controls_6595b64144ccf1df_6.0.22621.4830_none_270fe7d773858e80;C:\Users\krims_k45\.jdks\openjdk-23.0.2\bin\server;C:\Program Files\JetBrains\IntelliJ IDEA Community Edition 2024.1.5\bin

VM Arguments:
jvm_args: -javaagent:C:\Program Files\JetBrains\IntelliJ IDEA Community Edition 2024.1.5\lib\idea_rt.jar=55206:C:\Program Files\JetBrains\IntelliJ IDEA Community Edition 2024.1.5\bin -Dfile.encoding=UTF-8 -Dsun.stdout.encoding=UTF-8 -Dsun.stderr.encoding=UTF-8 
java_command: vn.scrip.middle_giuakhoa.MiddleGiuakhoaApplication
java_class_path (initial): C:\Users\krims_k45\javascrip\middle-giuakhoa\middle-giuakhoa\target\classes;C:\Users\krims_k45\.m2\repository\org\springframework\boot\spring-boot-starter-web\3.4.3\spring-boot-starter-web-3.4.3.jar;C:\Users\krims_k45\.m2\repository\org\springframework\boot\spring-boot-starter\3.4.3\spring-boot-starter-3.4.3.jar;C:\Users\krims_k45\.m2\repository\org\springframework\boot\spring-boot\3.4.3\spring-boot-3.4.3.jar;C:\Users\krims_k45\.m2\repository\org\springframework\boot\spring-boot-autoconfigure\3.4.3\spring-boot-autoconfigure-3.4.3.jar;C:\Users\krims_k45\.m2\repository\org\springframework\boot\spring-boot-starter-logging\3.4.3\spring-boot-starter-logging-3.4.3.jar;C:\Users\krims_k45\.m2\repository\ch\qos\logback\logback-classic\1.5.16\logback-classic-1.5.16.jar;C:\Users\krims_k45\.m2\repository\ch\qos\logback\logback-core\1.5.16\logback-core-1.5.16.jar;C:\Users\krims_k45\.m2\repository\org\apache\logging\log4j\log4j-to-slf4j\2.24.3\log4j-to-slf4j-2.24.3.jar;C:\Users\krims_k45\.m2\repository\org\apache\logging\log4j\log4j-api\2.24.3\log4j-api-2.24.3.jar;C:\Users\krims_k45\.m2\repository\org\slf4j\jul-to-slf4j\2.0.16\jul-to-slf4j-2.0.16.jar;C:\Users\krims_k45\.m2\repository\org\yaml\snakeyaml\2.3\snakeyaml-2.3.jar;C:\Users\krims_k45\.m2\repository\org\springframework\boot\spring-boot-starter-json\3.4.3\spring-boot-starter-json-3.4.3.jar;C:\Users\krims_k45\.m2\repository\com\fasterxml\jackson\datatype\jackson-datatype-jdk8\2.18.2\jackson-datatype-jdk8-2.18.2.jar;C:\Users\krims_k45\.m2\repository\com\fasterxml\jackson\datatype\jackson-datatype-jsr310\2.18.2\jackson-datatype-jsr310-2.18.2.jar;C:\Users\krims_k45\.m2\repository\com\fasterxml\jackson\module\jackson-module-parameter-names\2.18.2\jackson-module-parameter-names-2.18.2.jar;C:\Users\krims_k45\.m2\repository\org\springframework\boot\spring-boot-starter-tomcat\3.4.3\spring-boot-starter-tomcat-3.4.3.jar;C:\Users\krims_k45\.m2\repository\org\apache\tomcat\embed\tomcat-embed-core\10.1.36\tomcat-embed-core-10.1.36.jar;C:\Users\krims_k45\.m2\repository\org\apache\tomcat\embed\tomcat-embed-el\10.1.36\tomcat-embed-el-10.1.36.jar;C:\Users\krims_k45\.m2\repository\org\apache\tomcat\embed\tomcat-embed-websocket\10.1.36\tomcat-embed-websocket-10.1.36.jar;C:\Users\krims_k45\.m2\repository\org\springframework\spring-web\6.2.3\spring-web-6.2.3.jar;C:\Users\krims_k45\.m2\repository\org\springframework\spring-beans\6.2.3\spring-beans-6.2.3.jar;C:\Users\krims_k45\.m2\repository\io\micrometer\micrometer-observation\1.14.4\micrometer-observation-1.14.4.jar;C:\Users\krims_k45\.m2\repository\io\micrometer\micrometer-commons\1.14.4\micrometer-commons-1.14.4.jar;C:\Users\krims_k45\.m2\repository\org\springframework\spring-webmvc\6.2.3\spring-webmvc-6.2.3.jar;C:\Users\krims_k45\.m2\repository\org\springframework\spring-aop\6.2.3\spring-aop-6.2.3.jar;C:\Users\krims_k45\.m2\repository\org\springframework\spring-context\6.2.3\spring-context-6.2.3.jar;C:\Users\krims_k45\.m2\repository\org\springframework\spring-expression\6.2.3\spring-expression-6.2.3.jar;C:\Users\krims_k45\.m2\repository\org\slf4j\slf4j-api\2.0.16\slf4j-api-2.0.16.jar;C:\Users\krims_k45\.m2\repository\org\springframework\spring-core\6.2.3\spring-core-6.2.3.jar;C:\Users\krims_k45\.m2\repository\org\springframework\spring-jcl\6.2.3\spring-jcl-6.2.3.jar;C:\Users\krims_k45\.m2\repository\jakarta\annotation\jakarta.annotation-api\2.1.1\jakarta.annotation-api-2.1.1.jar;C:\Users\krims_k45\.m2\repository\com\fasterxml\jackson\core\jackson-databind\2.16.1\jackson-databind-2.16.1.jar;C:\Users\krims_k45\.m2\repository\com\fasterxml\jackson\core\jackson-core\2.16.1\jackson-core-2.16.1.jar;C:\Users\krims_k45\.m2\repository\com\fasterxml\jackson\core\jackson-annotations\2.16.1\jackson-annotations-2.16.1.jar
Launcher Type: SUN_STANDARD

[Global flags]
     intx CICompilerCount                          = 12                                        {product} {ergonomic}
     uint ConcGCThreads                            = 3                                         {product} {ergonomic}
     uint G1ConcRefinementThreads                  = 13                                        {product} {ergonomic}
   size_t G1HeapRegionSize                         = 1048576                                   {product} {ergonomic}
   size_t InitialHeapSize                          = 130023424                                 {product} {ergonomic}
   size_t MarkStackSize                            = 4194304                                   {product} {ergonomic}
   size_t MarkStackSizeMax                         = 536870912                                 {product} {ergonomic}
   size_t MaxHeapSize                              = 2061500416                                {product} {ergonomic}
   size_t MaxNewSize                               = 1236271104                                {product} {ergonomic}
   size_t MinHeapDeltaBytes                        = 1048576                                   {product} {ergonomic}
   size_t MinHeapSize                              = 8388608                                   {product} {ergonomic}
    uintx NonNMethodCodeHeapSize                   = 7602176                                {pd product} {ergonomic}
    uintx NonProfiledCodeHeapSize                  = 122093568                              {pd product} {ergonomic}
    uintx ProfiledCodeHeapSize                     = 121962496                              {pd product} {ergonomic}
    uintx ReservedCodeCacheSize                    = 251658240                              {pd product} {ergonomic}
     bool SegmentedCodeCache                       = true                                      {product} {ergonomic}
   size_t SoftMaxHeapSize                          = 2061500416                             {manageable} {ergonomic}
     bool UseCompressedOops                        = true                           {product lp64_product} {ergonomic}
     bool UseG1GC                                  = true                                      {product} {ergonomic}
     bool UseLargePagesIndividualAllocation        = false                                  {pd product} {ergonomic}

Logging:
Log output configuration:
 #0: stdout all=warning uptime,level,tags foldmultilines=false
 #1: stderr all=off uptime,level,tags foldmultilines=false

Environment Variables:
JAVA_HOME=C:\Program Files\Microsoft\jdk-21.0.6.7-hotspot\
PATH=C:\Program Files\Microsoft\jdk-21.0.6.7-hotspot\bin;C:\Program Files\Common Files\Oracle\Java\javapath;C:\Program Files (x86)\Common Files\Oracle\Java\javapath;C:\Windows\system32;C:\Windows;C:\Windows\System32\Wbem;C:\Windows\System32\WindowsPowerShell\v1.0\;C:\Windows\System32\OpenSSH\;C:\Program Files\Microsoft\Web Platform Installer\;C:\Program Files (x86)\Microsoft ASP.NET\ASP.NET Web Pages\v1.0\;C:\Program Files (x86)\Windows Kits\8.0\Windows Performance Toolkit\;C:\Program Files\Microsoft SQL Server\110\Tools\Binn\;C:\Program Files (x86)\Microsoft SQL Server\160\Tools\Binn\;C:\Program Files\Microsoft SQL Server\160\Tools\Binn\;C:\Program Files\Microsoft SQL Server\Client SDK\ODBC\170\Tools\Binn\;C:\Program Files\Microsoft SQL Server\160\DTS\Binn\;C:\Program Files\Azure Data Studio\bin;C:\Program Files\dotnet\;C:\Program Files (x86)\Microsoft SQL Server\160\DTS\Binn\;C:\Program Files\Git\cmd;C:\Program Files\Microsoft SQL Server\150\Tools\Binn\;C:\Program Files\nodejs\;C:\Program Files\Go\bin;C:\Users\krims_k45\flutter\bin;C:\Users\krims_k45\Downloads\apache-maven-3.9.9-bin\apache-maven-3.9.9\bin;C:\Users\krims_k45\Downloads\flutter_windows_3.27.1-stable.zip\flutter\bin;C:\Program Files\MySQL\MySQL Shell 8.0\bin\;C:\Users\krims_k45\AppData\Local\Programs\Python\Python311\Scripts\;C:\Users\krims_k45\AppData\Local\Programs\Python\Python311\;C:\Users\krims_k45\AppData\Local\Microsoft\WindowsApps;C:\Users\krims_k45\AppData\Local\Programs\Microsoft VS Code\bin;C:\Program Files\Azure Data Studio\bin;C:\Users\krims_k45\.dotnet\tools;C:\ProgramData\krims_k45\GitHubDesktop\bin;C:\Users\krims_k45\AppData\Local\GitHubDesktop\bin;C:\Users\krims_k45\AppData\Local\Microsoft\WinGet\Packages\Schniz.fnm_Microsoft.Winget.Source_8wekyb3d8bbwe;C:\Users\krims_k45\AppData\Roaming\npm;C:\Users\krims_k45\go\bin;C:\Users\krims_k45\flutter\bin;C:\Program Files\JetBrains\IntelliJ IDEA Community Edition 2024.1.5\bin;;D:\JetBrains\IntelliJ IDEA 2021.1.3\bin;;
USERNAME=krims_k45
OS=Windows_NT
PROCESSOR_IDENTIFIER=Intel64 Family 6 Model 154 Stepping 3, GenuineIntel
TMP=C:\Users\KRIMS_~1\AppData\Local\Temp
TEMP=C:\Users\KRIMS_~1\AppData\Local\Temp




Periodic native trim disabled

---------------  S Y S T E M  ---------------

OS:
 Windows 11 , 64 bit Build 22621 (10.0.22621.4830)
OS uptime: 0 days 16:20 hours

CPU: total 16 (initial active 16) (8 cores per cpu, 2 threads per core) family 6 model 154 stepping 3 microcode 0x42c, cx8, cmov, fxsr, ht, mmx, 3dnowpref, sse, sse2, sse3, ssse3, sse4.1, sse4.2, popcnt, lzcnt, tsc, tscinvbit, avx, avx2, aes, erms, clmul, bmi1, bmi2, adx, sha, fma, vzeroupper, clflush, clflushopt, clwb, serialize, rdtscp, rdpid, fsrm, gfni, f16c, pku, cet_ibt, cet_ss
Processor Information for processor 0
  Max Mhz: 1700, Current Mhz: 1700, Mhz Limit: 1700
Processor Information for processor 1
  Max Mhz: 1700, Current Mhz: 1700, Mhz Limit: 1700
Processor Information for processor 2
  Max Mhz: 1700, Current Mhz: 1700, Mhz Limit: 1700
Processor Information for processor 3
  Max Mhz: 1700, Current Mhz: 1700, Mhz Limit: 1700
Processor Information for processor 4
  Max Mhz: 1700, Current Mhz: 1700, Mhz Limit: 1700
Processor Information for processor 5
  Max Mhz: 1700, Current Mhz: 1700, Mhz Limit: 1700
Processor Information for processor 6
  Max Mhz: 1700, Current Mhz: 1700, Mhz Limit: 1700
Processor Information for processor 7
  Max Mhz: 1700, Current Mhz: 1700, Mhz Limit: 1700
Processor Information for processor 8
  Max Mhz: 1700, Current Mhz: 1200, Mhz Limit: 1190
Processor Information for processor 9
  Max Mhz: 1700, Current Mhz: 1200, Mhz Limit: 1190
Processor Information for processor 10
  Max Mhz: 1700, Current Mhz: 1200, Mhz Limit: 1190
Processor Information for processor 11
  Max Mhz: 1700, Current Mhz: 1200, Mhz Limit: 1190
Processor Information for processor 12
  Max Mhz: 1700, Current Mhz: 1200, Mhz Limit: 1190
Processor Information for processor 13
  Max Mhz: 1700, Current Mhz: 1200, Mhz Limit: 1190
Processor Information for processor 14
  Max Mhz: 1700, Current Mhz: 1200, Mhz Limit: 1190
Processor Information for processor 15
  Max Mhz: 1700, Current Mhz: 1200, Mhz Limit: 1190

Memory: 4k page, system-wide physical 7860M (1065M free)
TotalPageFile size 13658M (AvailPageFile size 0M)
current process WorkingSet (physical memory assigned to process): 143M, peak: 143M
current process commit charge ("private bytes"): 286M, peak: 286M

vm_info: OpenJDK 64-Bit Server VM (23.0.2+7-58) for windows-amd64 JRE (23.0.2+7-58), built on 2024-11-29T09:34:55Z with MS VC++ 17.6 (VS2022)

END.
